Command: vcs -full64 -sverilog -ntb_opts uvm-1.2 -debug_acc+all -debug_region+cell+encrypt \
-l out/log/elab_rkv_i2c_tb.log -o out/obj/rkv_i2c_tb.simv -partcomp -fastpartcomp=j4 \
rkv_i2c_tb
Doing common elaboration 
                         Chronologic VCS (TM)
       Version O-2018.09-SP2_Full64 -- Mon Dec 26 22:40:26 2022
               Copyright (c) 1991-2018 by Synopsys Inc.
                         ALL RIGHTS RESERVED

This program is proprietary and confidential information of Synopsys Inc.
and may be used and disclosed only as authorized in a license agreement
controlling such use and disclosure.


Warning-[LCA_FEATURES_WARN_OPTION] Usage of LCA feature
  VCS MX detects that LCA (Limited Customer Availability) feature 'Partition 
  Compile' is being used.


Note-[PC_RECOMPILE] Recompiling partition
  Recompiling partition '_SNPS_VCS_intf' because of following changes.
  
  Modified Design Unit: rkv_i2c_pkg


Note-[PC_RECOMPILE] Recompiling partition
  Recompiling partition '_vcs_msglog' because of following changes.
  
  Modified Design Unit: rkv_i2c_pkg


Note-[PC_RECOMPILE] Recompiling partition
  Recompiling partition 'rkv_i2c_tb' because of following changes.
  
  Modified Design Unit: rkv_i2c_pkg


Note-[PC_SKIP_FULLDR] Skipping partcomp design resolution
  Skipping partition compile global design resolution as there was no change 
  in the global view of design

Command: vcs -partcomp=stitch -file /home/verifier/DVT_Code/APB_I2C/rkv_i2c_tb/sim/out/obj/rkv_i2c_tb.simv.daidir/.partcomp_stitch_options \
-Xpiyushb1=0x80 -sverilog -full64 -cm implAssert -file /home/verifier/DVT_Code/APB_I2C/rkv_i2c_tb/sim/out/obj/rkv_i2c_tb.simv.daidir/.stitch_so_list \
-o out/obj/rkv_i2c_tb.simv csrc/topshell_partcomp.v
*** Using vcs compiler /opt/synopsys/vcs/vcs-mx/O-2018.09-SP2/linux64/bin/vcs1 instead of /opt/synopsys/vcs/vcs-mx/O-2018.09-SP2/linux64/bin/vcs1...
                         Chronologic VCS (TM)
       Version O-2018.09-SP2_Full64 -- Mon Dec 26 22:40:56 2022
               Copyright (c) 1991-2018 by Synopsys Inc.
                         ALL RIGHTS RESERVED

This program is proprietary and confidential information of Synopsys Inc.
and may be used and disclosed only as authorized in a license agreement
controlling such use and disclosure.

Parsing design file 'csrc/topshell_partcomp.v'
Top Level Modules:
       uvm_custom_install_recording
       uvm_custom_install_verdi_recording
       rkv_i2c_tb
TimeScale is 1 ps / 1 ps
Starting vcs inline pass...
15 modules and 0 UDP read.
CPU time: .400 seconds to compile + .453 seconds to elab
make[1]: Entering directory `/home/verifier/DVT_Code/APB_I2C/rkv_i2c_tb/sim'
/bin/rm -rf /home/verifier/DVT_Code/APB_I2C/rkv_i2c_tb/sim/out/obj/partitionlib/_vcs_msglog_UF52ed/libvcspc__vcs_msglog_UF52ed.so.daidir/ar.lst \

/bin/rm -rf /home/verifier/DVT_Code/APB_I2C/rkv_i2c_tb/sim/out/obj/partitionlib/rkv_i2c_tb_67wvne/libvcspc_rkv_i2c_tb_67wvne.so.daidir/ar.lst \

/opt/synopsys/vcs/vcs-mx/O-2018.09-SP2/bin/vcs  -mx_invoke_vcs_from_tool -mxunielab \
-file /home/verifier/DVT_Code/APB_I2C/rkv_i2c_tb/sim/out/obj/rkv_i2c_tb.simv.daidir/.partcomp_options \
-partcomp_master_daidir=/home/verifier/DVT_Code/APB_I2C/rkv_i2c_tb/sim/out/obj/rkv_i2c_tb.simv.daidir \
-q    -assert enable_hier   -full64    -cm_dir out/obj/rkv_i2c_tb.simv.vdb  -cm implAssert \
-q     -partcomp=so -partcomp_so_dir=/home/verifier/DVT_Code/APB_I2C/rkv_i2c_tb/sim/out/obj/partitionlib/_vcs_msglog_UF52ed \
VCS_PARTCOMP_LIB.pc__vcs_msglog_config -o /home/verifier/DVT_Code/APB_I2C/rkv_i2c_tb/sim/out/obj/partitionlib/_vcs_msglog_UF52ed/libvcspc__vcs_msglog_UF52ed.so \
-Mdir=/home/verifier/DVT_Code/APB_I2C/rkv_i2c_tb/sim/out/obj/partitionlib/_vcs_msglog_UF52ed/csrc \
-Xarijit=0x2 -sverilog   -l /home/verifier/DVT_Code/APB_I2C/rkv_i2c_tb/sim/out/obj/partitionlib/_vcs_msglog_UF52ed/_vcs_msglog_UF52ed.log \

/opt/synopsys/vcs/vcs-mx/O-2018.09-SP2/bin/vcs  -mx_invoke_vcs_from_tool -mxunielab \
-file /home/verifier/DVT_Code/APB_I2C/rkv_i2c_tb/sim/out/obj/rkv_i2c_tb.simv.daidir/.partcomp_options \
-partcomp_master_daidir=/home/verifier/DVT_Code/APB_I2C/rkv_i2c_tb/sim/out/obj/rkv_i2c_tb.simv.daidir \
-q    -assert enable_hier   -full64    -cm_dir out/obj/rkv_i2c_tb.simv.vdb  -cm implAssert \
-q     -partcomp=so -partcomp_so_dir=/home/verifier/DVT_Code/APB_I2C/rkv_i2c_tb/sim/out/obj/partitionlib/rkv_i2c_tb_67wvne \
VCS_PARTCOMP_LIB.pc_rkv_i2c_tb_config -o /home/verifier/DVT_Code/APB_I2C/rkv_i2c_tb/sim/out/obj/partitionlib/rkv_i2c_tb_67wvne/libvcspc_rkv_i2c_tb_67wvne.so \
-Mdir=/home/verifier/DVT_Code/APB_I2C/rkv_i2c_tb/sim/out/obj/partitionlib/rkv_i2c_tb_67wvne/csrc \
-Xarijit=0x2 -sverilog   -l /home/verifier/DVT_Code/APB_I2C/rkv_i2c_tb/sim/out/obj/partitionlib/rkv_i2c_tb_67wvne/rkv_i2c_tb_67wvne.log \

/bin/rm -rf /home/verifier/DVT_Code/APB_I2C/rkv_i2c_tb/sim/out/obj/partitionlib/_SNPS_VCS_intf_repository/libvcspc__SNPS_VCS_intf_repository.so.daidir/ar.lst \

/opt/synopsys/vcs/vcs-mx/O-2018.09-SP2/bin/vcs  -mx_invoke_vcs_from_tool -mxunielab \
-file /home/verifier/DVT_Code/APB_I2C/rkv_i2c_tb/sim/out/obj/rkv_i2c_tb.simv.daidir/.partcomp_options \
-partcomp_master_daidir=/home/verifier/DVT_Code/APB_I2C/rkv_i2c_tb/sim/out/obj/rkv_i2c_tb.simv.daidir \
-q    -assert enable_hier   -full64    -cm_dir out/obj/rkv_i2c_tb.simv.vdb  -cm implAssert \
-q     -partcomp=so -partcomp_so_dir=/home/verifier/DVT_Code/APB_I2C/rkv_i2c_tb/sim/out/obj/partitionlib/_SNPS_VCS_intf_repository \
VCS_PARTCOMP_LIB.pc__SNPS_VCS_intf_repository_config -o /home/verifier/DVT_Code/APB_I2C/rkv_i2c_tb/sim/out/obj/partitionlib/_SNPS_VCS_intf_repository/libvcspc__SNPS_VCS_intf_repository.so \
-Mdir=/home/verifier/DVT_Code/APB_I2C/rkv_i2c_tb/sim/out/obj/partitionlib/_SNPS_VCS_intf_repository/csrc \
-Xarijit=0x2 -sverilog   -l /home/verifier/DVT_Code/APB_I2C/rkv_i2c_tb/sim/out/obj/partitionlib/_SNPS_VCS_intf_repository/_SNPS_VCS_intf_repository.log \

4 modules and 0 UDP read.
recompiling package vcs_paramclassrepository_vcsintf
recompiling module lvc_apb_if
14 modules and 0 UDP read.
recompiling package vcs_paramclassrepository_67wvne
recompiling module lvc_i2c_if
recompiling module rkv_i2c_if
All of 4 modules done
recompiling module rkv_DW_apb_i2c
make[2]: Entering directory `/home/verifier/DVT_Code/APB_I2C/rkv_i2c_tb/sim/out/obj/partitionlib/_SNPS_VCS_intf_repository/csrc' \

/home/verifier/DVT_Code/APB_I2C/rkv_i2c_tb/sim/out/obj/partitionlib/_SNPS_VCS_intf_repository/libvcspc__SNPS_VCS_intf_repository.so \
up to date
make[2]: Leaving directory `/home/verifier/DVT_Code/APB_I2C/rkv_i2c_tb/sim/out/obj/partitionlib/_SNPS_VCS_intf_repository/csrc' \

recompiling module rkv_DW_apb_i2c_toggle
recompiling module rkv_DW_apb_i2c_sync
recompiling module rkv_DW_apb_i2c_intctl
recompiling module rkv_DW_apb_i2c_rx_shift
recompiling module rkv_DW_apb_i2c_slvfsm
recompiling module rkv_DW_apb_i2c_mstfsm
recompiling module rkv_DW_apb_i2c_clk_gen
recompiling module rkv_DW_apb_i2c_regfile
recompiling module rkv_DW_apb_i2c_fifo
recompiling module rkv_DW_apb_i2c_bcm06
recompiling module rkv_DW_apb_i2c_bcm57
recompiling module rkv_i2c_tb
All of 14 modules done
make[2]: Entering directory `/home/verifier/DVT_Code/APB_I2C/rkv_i2c_tb/sim/out/obj/partitionlib/rkv_i2c_tb_67wvne/csrc' \

/home/verifier/DVT_Code/APB_I2C/rkv_i2c_tb/sim/out/obj/partitionlib/rkv_i2c_tb_67wvne/libvcspc_rkv_i2c_tb_67wvne.so \
up to date
make[2]: Leaving directory `/home/verifier/DVT_Code/APB_I2C/rkv_i2c_tb/sim/out/obj/partitionlib/rkv_i2c_tb_67wvne/csrc' \

6 modules and 0 UDP read.
recompiling package vcs_paramclassrepository_UF52ed
recompiling package _vcs_msglog
recompiling package uvm_pkg
recompiling package lvc_apb_pkg
recompiling package lvc_i2c_pkg
recompiling package rkv_i2c_pkg
All of 6 modules done
make[2]: Entering directory `/home/verifier/DVT_Code/APB_I2C/rkv_i2c_tb/sim/out/obj/partitionlib/_vcs_msglog_UF52ed/csrc' \

/home/verifier/DVT_Code/APB_I2C/rkv_i2c_tb/sim/out/obj/partitionlib/_vcs_msglog_UF52ed/libvcspc__vcs_msglog_UF52ed.so \
up to date
make[2]: Leaving directory `/home/verifier/DVT_Code/APB_I2C/rkv_i2c_tb/sim/out/obj/partitionlib/_vcs_msglog_UF52ed/csrc' \

/opt/synopsys/vcs/vcs-mx/O-2018.09-SP2/bin/vcs  -partcomp=stitch -file /home/verifier/DVT_Code/APB_I2C/rkv_i2c_tb/sim/out/obj/rkv_i2c_tb.simv.daidir/.partcomp_stitch_options \
-Xpiyushb1=0x80 -sverilog  -full64     -cm implAssert   -file /home/verifier/DVT_Code/APB_I2C/rkv_i2c_tb/sim/out/obj/rkv_i2c_tb.simv.daidir/.stitch_so_list \
-o out/obj/rkv_i2c_tb.simv csrc/topshell_partcomp.v 
*** Using vcs compiler /opt/synopsys/vcs/vcs-mx/O-2018.09-SP2/linux64/bin/vcs1 instead \
of /opt/synopsys/vcs/vcs-mx/O-2018.09-SP2/linux64/bin/vcs1...
                         Chronologic VCS (TM)
       Version O-2018.09-SP2_Full64 -- Mon Dec 26 22:40:56 2022
               Copyright (c) 1991-2018 by Synopsys Inc.
                         ALL RIGHTS RESERVED

This program is proprietary and confidential information of Synopsys Inc.
and may be used and disclosed only as authorized in a license agreement
controlling such use and disclosure.

Parsing design file 'csrc/topshell_partcomp.v'
Top Level Modules:
       uvm_custom_install_recording
       uvm_custom_install_verdi_recording
       rkv_i2c_tb
TimeScale is 1 ps / 1 ps
Starting vcs inline pass...
15 modules and 0 UDP read.
make[2]: Entering directory `/home/verifier/DVT_Code/APB_I2C/rkv_i2c_tb/sim/csrc' \

make[2]: Leaving directory `/home/verifier/DVT_Code/APB_I2C/rkv_i2c_tb/sim/csrc' \

CPU time: .400 seconds to compile + .453 seconds to elab
Done Verilog partition compilations
Done all partition compilations

make[1]: Leaving directory `/home/verifier/DVT_Code/APB_I2C/rkv_i2c_tb/sim'
make[1]: Entering directory `/home/verifier/DVT_Code/APB_I2C/rkv_i2c_tb/sim/csrc' \

rm -f _csrc*.so pre_vcsobj_*.so share_vcsobj_*.so
if [ -x ../out/obj/rkv_i2c_tb.simv ]; then chmod -x ../out/obj/rkv_i2c_tb.simv; fi \

g++  -o ../out/obj/rkv_i2c_tb.simv   -Wl,-rpath='$ORIGIN'//rkv_i2c_tb.simv.daidir//libvcspc \
-Wl,-rpath-link=./ -Wl,-rpath='$ORIGIN'/rkv_i2c_tb.simv.daidir/ -Wl,-rpath=./rkv_i2c_tb.simv.daidir/ \
-Wl,-rpath='$ORIGIN'/rkv_i2c_tb.simv.daidir//scsim.db.dir  -z muldefs -rdynamic -Wl,-rpath=/opt/synopsys/vcs/vcs-mx/O-2018.09-SP2/linux64/lib \
-L/opt/synopsys/vcs/vcs-mx/O-2018.09-SP2/linux64/lib uvm_dpi.o uvm_verdi_dpi.o   \
SIMB.o objs/SIM_d.o    SIM_l.o       pcomp_elab_code.o rmapats_mop.o rmapats.o rmar.o \
libvcspc__SNPS_VCS_intf_repository.so __SNPS_VCS_intf_repositor_1_archive_1.so libvcspc__vcs_pc_package__h66j1c.so \
__vcs_pc_package__h66j1_1_archive_1.so libvcspc__vcs_msglog_UF52ed.so __vcs_msglog_UF52e_1_archive_1.so \
libvcspc_uvm_custom_install_recording_87QqAb.so _uvm_custom_install_recording_87QqA_1_archive_1.so \
libvcspc_rkv_i2c_tb_67wvne.so _rkv_i2c_tb_67wvn_1_archive_1.so          -lzerosoft_rt_stubs \
-lerrorinf -lsnpsmalloc -lvfs    -lvcsnew -lsimprofile -lvirsim -lvcsucli -lhdlxmr \
-lreader_common /opt/synopsys/vcs/vcs-mx/O-2018.09-SP2/linux64/lib/libBA.a -luclinative \
/opt/synopsys/vcs/vcs-mx/O-2018.09-SP2/linux64/lib/vcs_tls.o   -Wl,-whole-archive \
-lvcsucli -Wl,-no-whole-archive       ./../out/obj/rkv_i2c_tb.simv.daidir/vc_hdrs.o \
_vcs_pli_stub_.o   /opt/synopsys/vcs/vcs-mx/O-2018.09-SP2/linux64/lib/vcs_save_restore_new.o \
/opt/synopsys/verdi/verdi/Verdi_O-2018.09-SP2/share/PLI/VCS/LINUX64/pli.a -ldl  -lc \
-lm -lpthread -ldl 
../out/obj/rkv_i2c_tb.simv up to date
make[1]: Leaving directory `/home/verifier/DVT_Code/APB_I2C/rkv_i2c_tb/sim/csrc' \

CPU time: .246 seconds to compile + .021 seconds to elab + .513 seconds to link
