*** Start analyzing build configuration ***
*** List of included argument files ***
    Build configuration file:  D:\DVT_Code\MyIIC\rkv_v2pro_i2c-RKV_I2C_TB_02\rkv_i2c_tb\.dvt\default.build
    -f D:\DVT_Code\MyIIC\rkv_v2pro_i2c-RKV_I2C_TB_02\rkv_i2c_tb\sim\rkv_i2c.dvt.flist
*** List of invocations ***
Invocation #1 +dvt_init+dvt in D:\DVT_Code\MyIIC\rkv_v2pro_i2c-RKV_I2C_TB_02\rkv_i2c_tb\.dvt\default.build at line 3
*** Done analyzing build configuration [19 ms] ***
*** Start SystemVerilog build ***
*** Loading top files ***
Loading (1) D:\DVT\dvt_eclipse\predefined_projects\libs\uvm-1.2\src\uvm_pkg.sv ...
Loading (2) D:\DVT\dvt_eclipse\predefined_projects\libs\uvm-1.2\src\uvm_macros.svh ...
Loading (3) D:\DVT\dvt_eclipse\predefined_projects\libs\uvm-1.2\src\macros\uvm_version_defines.svh ...
Done D:\DVT\dvt_eclipse\predefined_projects\libs\uvm-1.2\src\macros\uvm_version_defines.svh [62 ms, 151 lines, SystemVerilog_2012] ...
Loading (4) D:\DVT\dvt_eclipse\predefined_projects\libs\uvm-1.2\src\macros\uvm_global_defines.svh ...
Done D:\DVT\dvt_eclipse\predefined_projects\libs\uvm-1.2\src\macros\uvm_global_defines.svh [0 ms, 61 lines, SystemVerilog_2012] ...
Loading (5) D:\DVT\dvt_eclipse\predefined_projects\libs\uvm-1.2\src\macros\uvm_message_defines.svh ...
Done D:\DVT\dvt_eclipse\predefined_projects\libs\uvm-1.2\src\macros\uvm_message_defines.svh [0 ms, 539 lines, SystemVerilog_2012] ...
Loading (6) D:\DVT\dvt_eclipse\predefined_projects\libs\uvm-1.2\src\macros\uvm_phase_defines.svh ...
Done D:\DVT\dvt_eclipse\predefined_projects\libs\uvm-1.2\src\macros\uvm_phase_defines.svh [0 ms, 130 lines, SystemVerilog_2012] ...
Loading (7) D:\DVT\dvt_eclipse\predefined_projects\libs\uvm-1.2\src\macros\uvm_object_defines.svh ...
Done D:\DVT\dvt_eclipse\predefined_projects\libs\uvm-1.2\src\macros\uvm_object_defines.svh [0 ms, 3815 lines, SystemVerilog_2012] ...
Loading (8) D:\DVT\dvt_eclipse\predefined_projects\libs\uvm-1.2\src\macros\uvm_printer_defines.svh ...
Done D:\DVT\dvt_eclipse\predefined_projects\libs\uvm-1.2\src\macros\uvm_printer_defines.svh [0 ms, 423 lines, SystemVerilog_2012] ...
Loading (9) D:\DVT\dvt_eclipse\predefined_projects\libs\uvm-1.2\src\macros\uvm_tlm_defines.svh ...
Loading (10) D:\DVT\dvt_eclipse\predefined_projects\libs\uvm-1.2\src\tlm1\uvm_tlm_imps.svh ...
Done D:\DVT\dvt_eclipse\predefined_projects\libs\uvm-1.2\src\tlm1\uvm_tlm_imps.svh [63 ms, 229 lines, SystemVerilog_2012] ...
Done D:\DVT\dvt_eclipse\predefined_projects\libs\uvm-1.2\src\macros\uvm_tlm_defines.svh [0 ms, 617 lines, SystemVerilog_2012] ...
Loading (11) D:\DVT\dvt_eclipse\predefined_projects\libs\uvm-1.2\src\macros\uvm_sequence_defines.svh ...
Done D:\DVT\dvt_eclipse\predefined_projects\libs\uvm-1.2\src\macros\uvm_sequence_defines.svh [0 ms, 456 lines, SystemVerilog_2012] ...
Loading (12) D:\DVT\dvt_eclipse\predefined_projects\libs\uvm-1.2\src\macros\uvm_callback_defines.svh ...
Done D:\DVT\dvt_eclipse\predefined_projects\libs\uvm-1.2\src\macros\uvm_callback_defines.svh [0 ms, 301 lines, SystemVerilog_2012] ...
Loading (13) D:\DVT\dvt_eclipse\predefined_projects\libs\uvm-1.2\src\macros\uvm_reg_defines.svh ...
Done D:\DVT\dvt_eclipse\predefined_projects\libs\uvm-1.2\src\macros\uvm_reg_defines.svh [0 ms, 69 lines, SystemVerilog_2012] ...
Loading (14) D:\DVT\dvt_eclipse\predefined_projects\libs\uvm-1.2\src\macros\uvm_deprecated_defines.svh ...
Done D:\DVT\dvt_eclipse\predefined_projects\libs\uvm-1.2\src\macros\uvm_deprecated_defines.svh [0 ms, 252 lines, SystemVerilog_2012] ...
Done D:\DVT\dvt_eclipse\predefined_projects\libs\uvm-1.2\src\uvm_macros.svh [0 ms, 82 lines, SystemVerilog_2012] ...
Loading (15) D:\DVT\dvt_eclipse\predefined_projects\libs\uvm-1.2\src\dpi\uvm_dpi.svh ...
Loading (16) D:\DVT\dvt_eclipse\predefined_projects\libs\uvm-1.2\src\dpi\uvm_hdl.svh ...
Done D:\DVT\dvt_eclipse\predefined_projects\libs\uvm-1.2\src\dpi\uvm_hdl.svh [0 ms, 164 lines, SystemVerilog_2012] ...
Loading (17) D:\DVT\dvt_eclipse\predefined_projects\libs\uvm-1.2\src\dpi\uvm_svcmd_dpi.svh ...
Done D:\DVT\dvt_eclipse\predefined_projects\libs\uvm-1.2\src\dpi\uvm_svcmd_dpi.svh [0 ms, 66 lines, SystemVerilog_2012] ...
Loading (18) D:\DVT\dvt_eclipse\predefined_projects\libs\uvm-1.2\src\dpi\uvm_regex.svh ...
Done D:\DVT\dvt_eclipse\predefined_projects\libs\uvm-1.2\src\dpi\uvm_regex.svh [0 ms, 89 lines, SystemVerilog_2012] ...
Done D:\DVT\dvt_eclipse\predefined_projects\libs\uvm-1.2\src\dpi\uvm_dpi.svh [0 ms, 44 lines, SystemVerilog_2012] ...
Loading (19) D:\DVT\dvt_eclipse\predefined_projects\libs\uvm-1.2\src\base\uvm_base.svh ...
Loading (20) D:\DVT\dvt_eclipse\predefined_projects\libs\uvm-1.2\src\base\uvm_coreservice.svh ...
Done D:\DVT\dvt_eclipse\predefined_projects\libs\uvm-1.2\src\base\uvm_coreservice.svh [0 ms, 224 lines, SystemVerilog_2012] ...
Loading (21) D:\DVT\dvt_eclipse\predefined_projects\libs\uvm-1.2\src\base\uvm_version.svh ...
Done D:\DVT\dvt_eclipse\predefined_projects\libs\uvm-1.2\src\base\uvm_version.svh [0 ms, 39 lines, SystemVerilog_2012] ...
Loading (22) D:\DVT\dvt_eclipse\predefined_projects\libs\uvm-1.2\src\base\uvm_object_globals.svh ...
Done D:\DVT\dvt_eclipse\predefined_projects\libs\uvm-1.2\src\base\uvm_object_globals.svh [0 ms, 658 lines, SystemVerilog_2012] ...
Loading (23) D:\DVT\dvt_eclipse\predefined_projects\libs\uvm-1.2\src\base\uvm_misc.svh ...
Done D:\DVT\dvt_eclipse\predefined_projects\libs\uvm-1.2\src\base\uvm_misc.svh [15 ms, 754 lines, SystemVerilog_2012] ...
Loading (24) D:\DVT\dvt_eclipse\predefined_projects\libs\uvm-1.2\src\base\uvm_object.svh ...
Done D:\DVT\dvt_eclipse\predefined_projects\libs\uvm-1.2\src\base\uvm_object.svh [16 ms, 1331 lines, SystemVerilog_2012] ...
Loading (25) D:\DVT\dvt_eclipse\predefined_projects\libs\uvm-1.2\src\base\uvm_pool.svh ...
Done D:\DVT\dvt_eclipse\predefined_projects\libs\uvm-1.2\src\base\uvm_pool.svh [0 ms, 348 lines, SystemVerilog_2012] ...
Loading (26) D:\DVT\dvt_eclipse\predefined_projects\libs\uvm-1.2\src\base\uvm_queue.svh ...
Done D:\DVT\dvt_eclipse\predefined_projects\libs\uvm-1.2\src\base\uvm_queue.svh [0 ms, 204 lines, SystemVerilog_2012] ...
Loading (27) D:\DVT\dvt_eclipse\predefined_projects\libs\uvm-1.2\src\base\uvm_factory.svh ...
Done D:\DVT\dvt_eclipse\predefined_projects\libs\uvm-1.2\src\base\uvm_factory.svh [15 ms, 1790 lines, SystemVerilog_2012] ...
Loading (28) D:\DVT\dvt_eclipse\predefined_projects\libs\uvm-1.2\src\base\uvm_registry.svh ...
Done D:\DVT\dvt_eclipse\predefined_projects\libs\uvm-1.2\src\base\uvm_registry.svh [0 ms, 381 lines, SystemVerilog_2012] ...
Loading (29) D:\DVT\dvt_eclipse\predefined_projects\libs\uvm-1.2\src\base\uvm_spell_chkr.svh ...
Done D:\DVT\dvt_eclipse\predefined_projects\libs\uvm-1.2\src\base\uvm_spell_chkr.svh [16 ms, 204 lines, SystemVerilog_2012] ...
Loading (30) D:\DVT\dvt_eclipse\predefined_projects\libs\uvm-1.2\src\base\uvm_resource.svh ...
Done D:\DVT\dvt_eclipse\predefined_projects\libs\uvm-1.2\src\base\uvm_resource.svh [15 ms, 1695 lines, SystemVerilog_2012] ...
Loading (31) D:\DVT\dvt_eclipse\predefined_projects\libs\uvm-1.2\src\base\uvm_resource_specializations.svh ...
Done D:\DVT\dvt_eclipse\predefined_projects\libs\uvm-1.2\src\base\uvm_resource_specializations.svh [0 ms, 171 lines, SystemVerilog_2012] ...
Loading (32) D:\DVT\dvt_eclipse\predefined_projects\libs\uvm-1.2\src\base\uvm_resource_db.svh ...
Done D:\DVT\dvt_eclipse\predefined_projects\libs\uvm-1.2\src\base\uvm_resource_db.svh [0 ms, 400 lines, SystemVerilog_2012] ...
Loading (33) D:\DVT\dvt_eclipse\predefined_projects\libs\uvm-1.2\src\base\uvm_config_db.svh ...
Done D:\DVT\dvt_eclipse\predefined_projects\libs\uvm-1.2\src\base\uvm_config_db.svh [16 ms, 411 lines, SystemVerilog_2012] ...
Loading (34) D:\DVT\dvt_eclipse\predefined_projects\libs\uvm-1.2\src\base\uvm_printer.svh ...
Done D:\DVT\dvt_eclipse\predefined_projects\libs\uvm-1.2\src\base\uvm_printer.svh [0 ms, 1232 lines, SystemVerilog_2012] ...
Loading (35) D:\DVT\dvt_eclipse\predefined_projects\libs\uvm-1.2\src\base\uvm_comparer.svh ...
Done D:\DVT\dvt_eclipse\predefined_projects\libs\uvm-1.2\src\base\uvm_comparer.svh [15 ms, 423 lines, SystemVerilog_2012] ...
Loading (36) D:\DVT\dvt_eclipse\predefined_projects\libs\uvm-1.2\src\base\uvm_packer.svh ...
Done D:\DVT\dvt_eclipse\predefined_projects\libs\uvm-1.2\src\base\uvm_packer.svh [31 ms, 1038 lines, SystemVerilog_2012] ...
Loading (37) D:\DVT\dvt_eclipse\predefined_projects\libs\uvm-1.2\src\base\uvm_links.svh ...
Done D:\DVT\dvt_eclipse\predefined_projects\libs\uvm-1.2\src\base\uvm_links.svh [0 ms, 371 lines, SystemVerilog_2012] ...
Loading (38) D:\DVT\dvt_eclipse\predefined_projects\libs\uvm-1.2\src\base\uvm_tr_database.svh ...
Done D:\DVT\dvt_eclipse\predefined_projects\libs\uvm-1.2\src\base\uvm_tr_database.svh [16 ms, 433 lines, SystemVerilog_2012] ...
Loading (39) D:\DVT\dvt_eclipse\predefined_projects\libs\uvm-1.2\src\base\uvm_tr_stream.svh ...
Done D:\DVT\dvt_eclipse\predefined_projects\libs\uvm-1.2\src\base\uvm_tr_stream.svh [0 ms, 592 lines, SystemVerilog_2012] ...
Loading (40) D:\DVT\dvt_eclipse\predefined_projects\libs\uvm-1.2\src\base\uvm_recorder.svh ...
Done D:\DVT\dvt_eclipse\predefined_projects\libs\uvm-1.2\src\base\uvm_recorder.svh [16 ms, 1141 lines, SystemVerilog_2012] ...
Loading (41) D:\DVT\dvt_eclipse\predefined_projects\libs\uvm-1.2\src\base\uvm_event_callback.svh ...
Done D:\DVT\dvt_eclipse\predefined_projects\libs\uvm-1.2\src\base\uvm_event_callback.svh [0 ms, 91 lines, SystemVerilog_2012] ...
Loading (42) D:\DVT\dvt_eclipse\predefined_projects\libs\uvm-1.2\src\base\uvm_event.svh ...
Done D:\DVT\dvt_eclipse\predefined_projects\libs\uvm-1.2\src\base\uvm_event.svh [0 ms, 395 lines, SystemVerilog_2012] ...
Loading (43) D:\DVT\dvt_eclipse\predefined_projects\libs\uvm-1.2\src\base\uvm_barrier.svh ...
Done D:\DVT\dvt_eclipse\predefined_projects\libs\uvm-1.2\src\base\uvm_barrier.svh [0 ms, 210 lines, SystemVerilog_2012] ...
Loading (44) D:\DVT\dvt_eclipse\predefined_projects\libs\uvm-1.2\src\base\uvm_callback.svh ...
Loading (45) D:\DVT\dvt_eclipse\predefined_projects\libs\uvm-1.2\src\uvm_macros.svh ...
Done D:\DVT\dvt_eclipse\predefined_projects\libs\uvm-1.2\src\uvm_macros.svh [0 ms, 82 lines, SystemVerilog_2012] ...
Done D:\DVT\dvt_eclipse\predefined_projects\libs\uvm-1.2\src\base\uvm_callback.svh [62 ms, 1199 lines, SystemVerilog_2012] ...
Loading (46) D:\DVT\dvt_eclipse\predefined_projects\libs\uvm-1.2\src\base\uvm_report_message.svh ...
Done D:\DVT\dvt_eclipse\predefined_projects\libs\uvm-1.2\src\base\uvm_report_message.svh [0 ms, 940 lines, SystemVerilog_2012] ...
Loading (47) D:\DVT\dvt_eclipse\predefined_projects\libs\uvm-1.2\src\base\uvm_report_catcher.svh ...
Done D:\DVT\dvt_eclipse\predefined_projects\libs\uvm-1.2\src\base\uvm_report_catcher.svh [16 ms, 713 lines, SystemVerilog_2012] ...
Loading (48) D:\DVT\dvt_eclipse\predefined_projects\libs\uvm-1.2\src\base\uvm_report_server.svh ...
Done D:\DVT\dvt_eclipse\predefined_projects\libs\uvm-1.2\src\base\uvm_report_server.svh [0 ms, 923 lines, SystemVerilog_2012] ...
Loading (49) D:\DVT\dvt_eclipse\predefined_projects\libs\uvm-1.2\src\base\uvm_report_handler.svh ...
Done D:\DVT\dvt_eclipse\predefined_projects\libs\uvm-1.2\src\base\uvm_report_handler.svh [15 ms, 801 lines, SystemVerilog_2012] ...
Loading (50) D:\DVT\dvt_eclipse\predefined_projects\libs\uvm-1.2\src\base\uvm_report_object.svh ...
Done D:\DVT\dvt_eclipse\predefined_projects\libs\uvm-1.2\src\base\uvm_report_object.svh [0 ms, 660 lines, SystemVerilog_2012] ...
Loading (51) D:\DVT\dvt_eclipse\predefined_projects\libs\uvm-1.2\src\base\uvm_transaction.svh ...
Done D:\DVT\dvt_eclipse\predefined_projects\libs\uvm-1.2\src\base\uvm_transaction.svh [16 ms, 781 lines, SystemVerilog_2012] ...
Loading (52) D:\DVT\dvt_eclipse\predefined_projects\libs\uvm-1.2\src\base\uvm_phase.svh ...
Done D:\DVT\dvt_eclipse\predefined_projects\libs\uvm-1.2\src\base\uvm_phase.svh [49 ms, 2254 lines, SystemVerilog_2012] ...
Loading (53) D:\DVT\dvt_eclipse\predefined_projects\libs\uvm-1.2\src\base\uvm_domain.svh ...
Done D:\DVT\dvt_eclipse\predefined_projects\libs\uvm-1.2\src\base\uvm_domain.svh [3 ms, 219 lines, SystemVerilog_2012] ...
Loading (54) D:\DVT\dvt_eclipse\predefined_projects\libs\uvm-1.2\src\base\uvm_bottomup_phase.svh ...
Done D:\DVT\dvt_eclipse\predefined_projects\libs\uvm-1.2\src\base\uvm_bottomup_phase.svh [1 ms, 113 lines, SystemVerilog_2012] ...
Loading (55) D:\DVT\dvt_eclipse\predefined_projects\libs\uvm-1.2\src\base\uvm_topdown_phase.svh ...
Done D:\DVT\dvt_eclipse\predefined_projects\libs\uvm-1.2\src\base\uvm_topdown_phase.svh [1 ms, 115 lines, SystemVerilog_2012] ...
Loading (56) D:\DVT\dvt_eclipse\predefined_projects\libs\uvm-1.2\src\base\uvm_task_phase.svh ...
Done D:\DVT\dvt_eclipse\predefined_projects\libs\uvm-1.2\src\base\uvm_task_phase.svh [2 ms, 162 lines, SystemVerilog_2012] ...
Loading (57) D:\DVT\dvt_eclipse\predefined_projects\libs\uvm-1.2\src\base\uvm_common_phases.svh ...
Done D:\DVT\dvt_eclipse\predefined_projects\libs\uvm-1.2\src\base\uvm_common_phases.svh [4 ms, 452 lines, SystemVerilog_2012] ...
Loading (58) D:\DVT\dvt_eclipse\predefined_projects\libs\uvm-1.2\src\base\uvm_runtime_phases.svh ...
Done D:\DVT\dvt_eclipse\predefined_projects\libs\uvm-1.2\src\base\uvm_runtime_phases.svh [4 ms, 556 lines, SystemVerilog_2012] ...
Loading (59) D:\DVT\dvt_eclipse\predefined_projects\libs\uvm-1.2\src\base\uvm_component.svh ...
Loading (60) D:\DVT\dvt_eclipse\predefined_projects\libs\uvm-1.2\src\base\uvm_root.svh ...
Done D:\DVT\dvt_eclipse\predefined_projects\libs\uvm-1.2\src\base\uvm_root.svh [28 ms, 1073 lines, SystemVerilog_2012] ...
Done D:\DVT\dvt_eclipse\predefined_projects\libs\uvm-1.2\src\base\uvm_component.svh [59 ms, 3639 lines, SystemVerilog_2012] ...
Loading (61) D:\DVT\dvt_eclipse\predefined_projects\libs\uvm-1.2\src\base\uvm_objection.svh ...
Done D:\DVT\dvt_eclipse\predefined_projects\libs\uvm-1.2\src\base\uvm_objection.svh [19 ms, 1454 lines, SystemVerilog_2012] ...
Loading (62) D:\DVT\dvt_eclipse\predefined_projects\libs\uvm-1.2\src\base\uvm_heartbeat.svh ...
Done D:\DVT\dvt_eclipse\predefined_projects\libs\uvm-1.2\src\base\uvm_heartbeat.svh [9 ms, 342 lines, SystemVerilog_2012] ...
Loading (63) D:\DVT\dvt_eclipse\predefined_projects\libs\uvm-1.2\src\base\uvm_globals.svh ...
Done D:\DVT\dvt_eclipse\predefined_projects\libs\uvm-1.2\src\base\uvm_globals.svh [6 ms, 565 lines, SystemVerilog_2012] ...
Loading (64) D:\DVT\dvt_eclipse\predefined_projects\libs\uvm-1.2\src\base\uvm_cmdline_processor.svh ...
Done D:\DVT\dvt_eclipse\predefined_projects\libs\uvm-1.2\src\base\uvm_cmdline_processor.svh [4 ms, 462 lines, SystemVerilog_2012] ...
Loading (65) D:\DVT\dvt_eclipse\predefined_projects\libs\uvm-1.2\src\base\uvm_traversal.svh ...
Done D:\DVT\dvt_eclipse\predefined_projects\libs\uvm-1.2\src\base\uvm_traversal.svh [4 ms, 289 lines, SystemVerilog_2012] ...
Done D:\DVT\dvt_eclipse\predefined_projects\libs\uvm-1.2\src\base\uvm_base.svh [0 ms, 113 lines, SystemVerilog_2012] ...
Loading (66) D:\DVT\dvt_eclipse\predefined_projects\libs\uvm-1.2\src\dap\uvm_dap.svh ...
Loading (67) D:\DVT\dvt_eclipse\predefined_projects\libs\uvm-1.2\src\dap\uvm_set_get_dap_base.svh ...
Done D:\DVT\dvt_eclipse\predefined_projects\libs\uvm-1.2\src\dap\uvm_set_get_dap_base.svh [0 ms, 84 lines, SystemVerilog_2012] ...
Loading (68) D:\DVT\dvt_eclipse\predefined_projects\libs\uvm-1.2\src\dap\uvm_simple_lock_dap.svh ...
Done D:\DVT\dvt_eclipse\predefined_projects\libs\uvm-1.2\src\dap\uvm_simple_lock_dap.svh [2 ms, 179 lines, SystemVerilog_2012] ...
Loading (69) D:\DVT\dvt_eclipse\predefined_projects\libs\uvm-1.2\src\dap\uvm_get_to_lock_dap.svh ...
Done D:\DVT\dvt_eclipse\predefined_projects\libs\uvm-1.2\src\dap\uvm_get_to_lock_dap.svh [2 ms, 155 lines, SystemVerilog_2012] ...
Loading (70) D:\DVT\dvt_eclipse\predefined_projects\libs\uvm-1.2\src\dap\uvm_set_before_get_dap.svh ...
Done D:\DVT\dvt_eclipse\predefined_projects\libs\uvm-1.2\src\dap\uvm_set_before_get_dap.svh [2 ms, 185 lines, SystemVerilog_2012] ...
Done D:\DVT\dvt_eclipse\predefined_projects\libs\uvm-1.2\src\dap\uvm_dap.svh [0 ms, 35 lines, SystemVerilog_2012] ...
Loading (71) D:\DVT\dvt_eclipse\predefined_projects\libs\uvm-1.2\src\tlm1\uvm_tlm.svh ...
Loading (72) D:\DVT\dvt_eclipse\predefined_projects\libs\uvm-1.2\src\tlm1\uvm_tlm_ifs.svh ...
Done D:\DVT\dvt_eclipse\predefined_projects\libs\uvm-1.2\src\tlm1\uvm_tlm_ifs.svh [21 ms, 219 lines, SystemVerilog_2012] ...
Loading (73) D:\DVT\dvt_eclipse\predefined_projects\libs\uvm-1.2\src\tlm1\uvm_sqr_ifs.svh ...
Done D:\DVT\dvt_eclipse\predefined_projects\libs\uvm-1.2\src\tlm1\uvm_sqr_ifs.svh [0 ms, 253 lines, SystemVerilog_2012] ...
Loading (74) D:\DVT\dvt_eclipse\predefined_projects\libs\uvm-1.2\src\base\uvm_port_base.svh ...
Done D:\DVT\dvt_eclipse\predefined_projects\libs\uvm-1.2\src\base\uvm_port_base.svh [0 ms, 793 lines, SystemVerilog_2012] ...
Loading (75) D:\DVT\dvt_eclipse\predefined_projects\libs\uvm-1.2\src\tlm1\uvm_tlm_imps.svh ...
Done D:\DVT\dvt_eclipse\predefined_projects\libs\uvm-1.2\src\tlm1\uvm_tlm_imps.svh [0 ms, 229 lines, SystemVerilog_2012] ...
Loading (76) D:\DVT\dvt_eclipse\predefined_projects\libs\uvm-1.2\src\tlm1\uvm_imps.svh ...
Done D:\DVT\dvt_eclipse\predefined_projects\libs\uvm-1.2\src\tlm1\uvm_imps.svh [0 ms, 317 lines, SystemVerilog_2012] ...
Loading (77) D:\DVT\dvt_eclipse\predefined_projects\libs\uvm-1.2\src\tlm1\uvm_ports.svh ...
Done D:\DVT\dvt_eclipse\predefined_projects\libs\uvm-1.2\src\tlm1\uvm_ports.svh [16 ms, 263 lines, SystemVerilog_2012] ...
Loading (78) D:\DVT\dvt_eclipse\predefined_projects\libs\uvm-1.2\src\tlm1\uvm_exports.svh ...
Done D:\DVT\dvt_eclipse\predefined_projects\libs\uvm-1.2\src\tlm1\uvm_exports.svh [15 ms, 260 lines, SystemVerilog_2012] ...
Loading (79) D:\DVT\dvt_eclipse\predefined_projects\libs\uvm-1.2\src\tlm1\uvm_analysis_port.svh ...
Done D:\DVT\dvt_eclipse\predefined_projects\libs\uvm-1.2\src\tlm1\uvm_analysis_port.svh [0 ms, 156 lines, SystemVerilog_2012] ...
Loading (80) D:\DVT\dvt_eclipse\predefined_projects\libs\uvm-1.2\src\tlm1\uvm_tlm_fifo_base.svh ...
Done D:\DVT\dvt_eclipse\predefined_projects\libs\uvm-1.2\src\tlm1\uvm_tlm_fifo_base.svh [0 ms, 253 lines, SystemVerilog_2012] ...
Loading (81) D:\DVT\dvt_eclipse\predefined_projects\libs\uvm-1.2\src\tlm1\uvm_tlm_fifos.svh ...
Done D:\DVT\dvt_eclipse\predefined_projects\libs\uvm-1.2\src\tlm1\uvm_tlm_fifos.svh [0 ms, 239 lines, SystemVerilog_2012] ...
Loading (82) D:\DVT\dvt_eclipse\predefined_projects\libs\uvm-1.2\src\tlm1\uvm_tlm_req_rsp.svh ...
Done D:\DVT\dvt_eclipse\predefined_projects\libs\uvm-1.2\src\tlm1\uvm_tlm_req_rsp.svh [0 ms, 349 lines, SystemVerilog_2012] ...
Loading (83) D:\DVT\dvt_eclipse\predefined_projects\libs\uvm-1.2\src\tlm1\uvm_sqr_connections.svh ...
Done D:\DVT\dvt_eclipse\predefined_projects\libs\uvm-1.2\src\tlm1\uvm_sqr_connections.svh [0 ms, 84 lines, SystemVerilog_2012] ...
Done D:\DVT\dvt_eclipse\predefined_projects\libs\uvm-1.2\src\tlm1\uvm_tlm.svh [0 ms, 40 lines, SystemVerilog_2012] ...
Loading (84) D:\DVT\dvt_eclipse\predefined_projects\libs\uvm-1.2\src\comps\uvm_comps.svh ...
Loading (85) D:\DVT\dvt_eclipse\predefined_projects\libs\uvm-1.2\src\comps\uvm_pair.svh ...
Done D:\DVT\dvt_eclipse\predefined_projects\libs\uvm-1.2\src\comps\uvm_pair.svh [0 ms, 171 lines, SystemVerilog_2012] ...
Loading (86) D:\DVT\dvt_eclipse\predefined_projects\libs\uvm-1.2\src\comps\uvm_policies.svh ...
Done D:\DVT\dvt_eclipse\predefined_projects\libs\uvm-1.2\src\comps\uvm_policies.svh [0 ms, 142 lines, SystemVerilog_2012] ...
Loading (87) D:\DVT\dvt_eclipse\predefined_projects\libs\uvm-1.2\src\comps\uvm_in_order_comparator.svh ...
Done D:\DVT\dvt_eclipse\predefined_projects\libs\uvm-1.2\src\comps\uvm_in_order_comparator.svh [0 ms, 260 lines, SystemVerilog_2012] ...
Loading (88) D:\DVT\dvt_eclipse\predefined_projects\libs\uvm-1.2\src\comps\uvm_algorithmic_comparator.svh ...
Done D:\DVT\dvt_eclipse\predefined_projects\libs\uvm-1.2\src\comps\uvm_algorithmic_comparator.svh [0 ms, 135 lines, SystemVerilog_2012] ...
Loading (89) D:\DVT\dvt_eclipse\predefined_projects\libs\uvm-1.2\src\comps\uvm_random_stimulus.svh ...
Done D:\DVT\dvt_eclipse\predefined_projects\libs\uvm-1.2\src\comps\uvm_random_stimulus.svh [0 ms, 132 lines, SystemVerilog_2012] ...
Loading (90) D:\DVT\dvt_eclipse\predefined_projects\libs\uvm-1.2\src\comps\uvm_subscriber.svh ...
Done D:\DVT\dvt_eclipse\predefined_projects\libs\uvm-1.2\src\comps\uvm_subscriber.svh [0 ms, 68 lines, SystemVerilog_2012] ...
Loading (91) D:\DVT\dvt_eclipse\predefined_projects\libs\uvm-1.2\src\comps\uvm_monitor.svh ...
Done D:\DVT\dvt_eclipse\predefined_projects\libs\uvm-1.2\src\comps\uvm_monitor.svh [0 ms, 54 lines, SystemVerilog_2012] ...
Loading (92) D:\DVT\dvt_eclipse\predefined_projects\libs\uvm-1.2\src\comps\uvm_driver.svh ...
Done D:\DVT\dvt_eclipse\predefined_projects\libs\uvm-1.2\src\comps\uvm_driver.svh [0 ms, 89 lines, SystemVerilog_2012] ...
Loading (93) D:\DVT\dvt_eclipse\predefined_projects\libs\uvm-1.2\src\comps\uvm_push_driver.svh ...
Done D:\DVT\dvt_eclipse\predefined_projects\libs\uvm-1.2\src\comps\uvm_push_driver.svh [0 ms, 97 lines, SystemVerilog_2012] ...
Loading (94) D:\DVT\dvt_eclipse\predefined_projects\libs\uvm-1.2\src\comps\uvm_scoreboard.svh ...
Done D:\DVT\dvt_eclipse\predefined_projects\libs\uvm-1.2\src\comps\uvm_scoreboard.svh [0 ms, 56 lines, SystemVerilog_2012] ...
Loading (95) D:\DVT\dvt_eclipse\predefined_projects\libs\uvm-1.2\src\comps\uvm_agent.svh ...
Done D:\DVT\dvt_eclipse\predefined_projects\libs\uvm-1.2\src\comps\uvm_agent.svh [0 ms, 136 lines, SystemVerilog_2012] ...
Loading (96) D:\DVT\dvt_eclipse\predefined_projects\libs\uvm-1.2\src\comps\uvm_env.svh ...
Done D:\DVT\dvt_eclipse\predefined_projects\libs\uvm-1.2\src\comps\uvm_env.svh [0 ms, 54 lines, SystemVerilog_2012] ...
Loading (97) D:\DVT\dvt_eclipse\predefined_projects\libs\uvm-1.2\src\comps\uvm_test.svh ...
Done D:\DVT\dvt_eclipse\predefined_projects\libs\uvm-1.2\src\comps\uvm_test.svh [16 ms, 82 lines, SystemVerilog_2012] ...
Done D:\DVT\dvt_eclipse\predefined_projects\libs\uvm-1.2\src\comps\uvm_comps.svh [0 ms, 37 lines, SystemVerilog_2012] ...
Loading (98) D:\DVT\dvt_eclipse\predefined_projects\libs\uvm-1.2\src\seq\uvm_seq.svh ...
Loading (99) D:\DVT\dvt_eclipse\predefined_projects\libs\uvm-1.2\src\seq\uvm_sequence_item.svh ...
Done D:\DVT\dvt_eclipse\predefined_projects\libs\uvm-1.2\src\seq\uvm_sequence_item.svh [0 ms, 498 lines, SystemVerilog_2012] ...
Loading (100) D:\DVT\dvt_eclipse\predefined_projects\libs\uvm-1.2\src\seq\uvm_sequencer_base.svh ...
Done D:\DVT\dvt_eclipse\predefined_projects\libs\uvm-1.2\src\seq\uvm_sequencer_base.svh [15 ms, 1775 lines, SystemVerilog_2012] ...
Loading (101) D:\DVT\dvt_eclipse\predefined_projects\libs\uvm-1.2\src\seq\uvm_sequencer_analysis_fifo.svh ...
Done D:\DVT\dvt_eclipse\predefined_projects\libs\uvm-1.2\src\seq\uvm_sequencer_analysis_fifo.svh [0 ms, 39 lines, SystemVerilog_2012] ...
Loading (102) D:\DVT\dvt_eclipse\predefined_projects\libs\uvm-1.2\src\seq\uvm_sequencer_param_base.svh ...
Done D:\DVT\dvt_eclipse\predefined_projects\libs\uvm-1.2\src\seq\uvm_sequencer_param_base.svh [16 ms, 460 lines, SystemVerilog_2012] ...
Loading (103) D:\DVT\dvt_eclipse\predefined_projects\libs\uvm-1.2\src\seq\uvm_sequencer.svh ...
Done D:\DVT\dvt_eclipse\predefined_projects\libs\uvm-1.2\src\seq\uvm_sequencer.svh [0 ms, 347 lines, SystemVerilog_2012] ...
Loading (104) D:\DVT\dvt_eclipse\predefined_projects\libs\uvm-1.2\src\seq\uvm_push_sequencer.svh ...
Done D:\DVT\dvt_eclipse\predefined_projects\libs\uvm-1.2\src\seq\uvm_push_sequencer.svh [0 ms, 85 lines, SystemVerilog_2012] ...
Loading (105) D:\DVT\dvt_eclipse\predefined_projects\libs\uvm-1.2\src\seq\uvm_sequence_base.svh ...
Done D:\DVT\dvt_eclipse\predefined_projects\libs\uvm-1.2\src\seq\uvm_sequence_base.svh [16 ms, 1405 lines, SystemVerilog_2012] ...
Loading (106) D:\DVT\dvt_eclipse\predefined_projects\libs\uvm-1.2\src\seq\uvm_sequence.svh ...
Done D:\DVT\dvt_eclipse\predefined_projects\libs\uvm-1.2\src\seq\uvm_sequence.svh [0 ms, 148 lines, SystemVerilog_2012] ...
Loading (107) D:\DVT\dvt_eclipse\predefined_projects\libs\uvm-1.2\src\seq\uvm_sequence_library.svh ...
Done D:\DVT\dvt_eclipse\predefined_projects\libs\uvm-1.2\src\seq\uvm_sequence_library.svh [15 ms, 813 lines, SystemVerilog_2012] ...
Loading (108) D:\DVT\dvt_eclipse\predefined_projects\libs\uvm-1.2\src\seq\uvm_sequence_builtin.svh ...
Done D:\DVT\dvt_eclipse\predefined_projects\libs\uvm-1.2\src\seq\uvm_sequence_builtin.svh [16 ms, 301 lines, SystemVerilog_2012] ...
Done D:\DVT\dvt_eclipse\predefined_projects\libs\uvm-1.2\src\seq\uvm_seq.svh [0 ms, 40 lines, SystemVerilog_2012] ...
Loading (109) D:\DVT\dvt_eclipse\predefined_projects\libs\uvm-1.2\src\tlm2\uvm_tlm2.svh ...
Loading (110) D:\DVT\dvt_eclipse\predefined_projects\libs\uvm-1.2\src\tlm2\uvm_tlm2_defines.svh ...
Done D:\DVT\dvt_eclipse\predefined_projects\libs\uvm-1.2\src\tlm2\uvm_tlm2_defines.svh [0 ms, 45 lines, SystemVerilog_2012] ...
Loading (111) D:\DVT\dvt_eclipse\predefined_projects\libs\uvm-1.2\src\tlm2\uvm_tlm2_time.svh ...
Done D:\DVT\dvt_eclipse\predefined_projects\libs\uvm-1.2\src\tlm2\uvm_tlm2_time.svh [0 ms, 333 lines, SystemVerilog_2012] ...
Loading (112) D:\DVT\dvt_eclipse\predefined_projects\libs\uvm-1.2\src\tlm2\uvm_tlm2_generic_payload.svh ...
Done D:\DVT\dvt_eclipse\predefined_projects\libs\uvm-1.2\src\tlm2\uvm_tlm2_generic_payload.svh [15 ms, 1053 lines, SystemVerilog_2012] ...
Loading (113) D:\DVT\dvt_eclipse\predefined_projects\libs\uvm-1.2\src\tlm2\uvm_tlm2_ifs.svh ...
Done D:\DVT\dvt_eclipse\predefined_projects\libs\uvm-1.2\src\tlm2\uvm_tlm2_ifs.svh [0 ms, 178 lines, SystemVerilog_2012] ...
Loading (114) D:\DVT\dvt_eclipse\predefined_projects\libs\uvm-1.2\src\tlm2\uvm_tlm2_imps.svh ...
Done D:\DVT\dvt_eclipse\predefined_projects\libs\uvm-1.2\src\tlm2\uvm_tlm2_imps.svh [0 ms, 203 lines, SystemVerilog_2012] ...
Loading (115) D:\DVT\dvt_eclipse\predefined_projects\libs\uvm-1.2\src\tlm2\uvm_tlm2_ports.svh ...
Done D:\DVT\dvt_eclipse\predefined_projects\libs\uvm-1.2\src\tlm2\uvm_tlm2_ports.svh [0 ms, 75 lines, SystemVerilog_2012] ...
Loading (116) D:\DVT\dvt_eclipse\predefined_projects\libs\uvm-1.2\src\tlm2\uvm_tlm2_exports.svh ...
Done D:\DVT\dvt_eclipse\predefined_projects\libs\uvm-1.2\src\tlm2\uvm_tlm2_exports.svh [0 ms, 65 lines, SystemVerilog_2012] ...
Loading (117) D:\DVT\dvt_eclipse\predefined_projects\libs\uvm-1.2\src\tlm2\uvm_tlm2_sockets_base.svh ...
Done D:\DVT\dvt_eclipse\predefined_projects\libs\uvm-1.2\src\tlm2\uvm_tlm2_sockets_base.svh [16 ms, 195 lines, SystemVerilog_2012] ...
Loading (118) D:\DVT\dvt_eclipse\predefined_projects\libs\uvm-1.2\src\tlm2\uvm_tlm2_sockets.svh ...
Done D:\DVT\dvt_eclipse\predefined_projects\libs\uvm-1.2\src\tlm2\uvm_tlm2_sockets.svh [0 ms, 435 lines, SystemVerilog_2012] ...
Done D:\DVT\dvt_eclipse\predefined_projects\libs\uvm-1.2\src\tlm2\uvm_tlm2.svh [0 ms, 30 lines, SystemVerilog_2012] ...
Loading (119) D:\DVT\dvt_eclipse\predefined_projects\libs\uvm-1.2\src\reg\uvm_reg_model.svh ...
Loading (120) D:\DVT\dvt_eclipse\predefined_projects\libs\uvm-1.2\src\reg\uvm_reg_item.svh ...
Done D:\DVT\dvt_eclipse\predefined_projects\libs\uvm-1.2\src\reg\uvm_reg_item.svh [0 ms, 316 lines, SystemVerilog_2012] ...
Loading (121) D:\DVT\dvt_eclipse\predefined_projects\libs\uvm-1.2\src\reg\uvm_reg_adapter.svh ...
Done D:\DVT\dvt_eclipse\predefined_projects\libs\uvm-1.2\src\reg\uvm_reg_adapter.svh [16 ms, 254 lines, SystemVerilog_2012] ...
Loading (122) D:\DVT\dvt_eclipse\predefined_projects\libs\uvm-1.2\src\reg\uvm_reg_predictor.svh ...
Done D:\DVT\dvt_eclipse\predefined_projects\libs\uvm-1.2\src\reg\uvm_reg_predictor.svh [0 ms, 265 lines, SystemVerilog_2012] ...
Loading (123) D:\DVT\dvt_eclipse\predefined_projects\libs\uvm-1.2\src\reg\uvm_reg_sequence.svh ...
Done D:\DVT\dvt_eclipse\predefined_projects\libs\uvm-1.2\src\reg\uvm_reg_sequence.svh [0 ms, 548 lines, SystemVerilog_2012] ...
Loading (124) D:\DVT\dvt_eclipse\predefined_projects\libs\uvm-1.2\src\reg\uvm_reg_cbs.svh ...
Done D:\DVT\dvt_eclipse\predefined_projects\libs\uvm-1.2\src\reg\uvm_reg_cbs.svh [15 ms, 530 lines, SystemVerilog_2012] ...
Loading (125) D:\DVT\dvt_eclipse\predefined_projects\libs\uvm-1.2\src\reg\uvm_reg_backdoor.svh ...
Done D:\DVT\dvt_eclipse\predefined_projects\libs\uvm-1.2\src\reg\uvm_reg_backdoor.svh [0 ms, 348 lines, SystemVerilog_2012] ...
Loading (126) D:\DVT\dvt_eclipse\predefined_projects\libs\uvm-1.2\src\reg\uvm_reg_field.svh ...
Done D:\DVT\dvt_eclipse\predefined_projects\libs\uvm-1.2\src\reg\uvm_reg_field.svh [32 ms, 2013 lines, SystemVerilog_2012] ...
Loading (127) D:\DVT\dvt_eclipse\predefined_projects\libs\uvm-1.2\src\reg\uvm_vreg_field.svh ...
Done D:\DVT\dvt_eclipse\predefined_projects\libs\uvm-1.2\src\reg\uvm_vreg_field.svh [15 ms, 1005 lines, SystemVerilog_2012] ...
Loading (128) D:\DVT\dvt_eclipse\predefined_projects\libs\uvm-1.2\src\reg\uvm_reg.svh ...
Done D:\DVT\dvt_eclipse\predefined_projects\libs\uvm-1.2\src\reg\uvm_reg.svh [47 ms, 3102 lines, SystemVerilog_2012] ...
Loading (129) D:\DVT\dvt_eclipse\predefined_projects\libs\uvm-1.2\src\reg\uvm_reg_indirect.svh ...
Done D:\DVT\dvt_eclipse\predefined_projects\libs\uvm-1.2\src\reg\uvm_reg_indirect.svh [16 ms, 330 lines, SystemVerilog_2012] ...
Loading (130) D:\DVT\dvt_eclipse\predefined_projects\libs\uvm-1.2\src\reg\uvm_reg_fifo.svh ...
Done D:\DVT\dvt_eclipse\predefined_projects\libs\uvm-1.2\src\reg\uvm_reg_fifo.svh [0 ms, 311 lines, SystemVerilog_2012] ...
Loading (131) D:\DVT\dvt_eclipse\predefined_projects\libs\uvm-1.2\src\reg\uvm_reg_file.svh ...
Done D:\DVT\dvt_eclipse\predefined_projects\libs\uvm-1.2\src\reg\uvm_reg_file.svh [0 ms, 501 lines, SystemVerilog_2012] ...
Loading (132) D:\DVT\dvt_eclipse\predefined_projects\libs\uvm-1.2\src\reg\uvm_mem_mam.svh ...
Done D:\DVT\dvt_eclipse\predefined_projects\libs\uvm-1.2\src\reg\uvm_mem_mam.svh [15 ms, 1019 lines, SystemVerilog_2012] ...
Loading (133) D:\DVT\dvt_eclipse\predefined_projects\libs\uvm-1.2\src\reg\uvm_vreg.svh ...
Done D:\DVT\dvt_eclipse\predefined_projects\libs\uvm-1.2\src\reg\uvm_vreg.svh [53 ms, 1554 lines, SystemVerilog_2012] ...
Loading (134) D:\DVT\dvt_eclipse\predefined_projects\libs\uvm-1.2\src\reg\uvm_mem.svh ...
Done D:\DVT\dvt_eclipse\predefined_projects\libs\uvm-1.2\src\reg\uvm_mem.svh [37 ms, 2410 lines, SystemVerilog_2012] ...
Loading (135) D:\DVT\dvt_eclipse\predefined_projects\libs\uvm-1.2\src\reg\uvm_reg_map.svh ...
Done D:\DVT\dvt_eclipse\predefined_projects\libs\uvm-1.2\src\reg\uvm_reg_map.svh [40 ms, 2225 lines, SystemVerilog_2012] ...
Loading (136) D:\DVT\dvt_eclipse\predefined_projects\libs\uvm-1.2\src\reg\uvm_reg_block.svh ...
Done D:\DVT\dvt_eclipse\predefined_projects\libs\uvm-1.2\src\reg\uvm_reg_block.svh [68 ms, 2272 lines, SystemVerilog_2012] ...
Loading (137) D:\DVT\dvt_eclipse\predefined_projects\libs\uvm-1.2\src\reg\sequences\uvm_reg_hw_reset_seq.svh ...
Done D:\DVT\dvt_eclipse\predefined_projects\libs\uvm-1.2\src\reg\sequences\uvm_reg_hw_reset_seq.svh [3 ms, 172 lines, SystemVerilog_2012] ...
Loading (138) D:\DVT\dvt_eclipse\predefined_projects\libs\uvm-1.2\src\reg\sequences\uvm_reg_bit_bash_seq.svh ...
Done D:\DVT\dvt_eclipse\predefined_projects\libs\uvm-1.2\src\reg\sequences\uvm_reg_bit_bash_seq.svh [9 ms, 303 lines, SystemVerilog_2012] ...
Loading (139) D:\DVT\dvt_eclipse\predefined_projects\libs\uvm-1.2\src\reg\sequences\uvm_mem_walk_seq.svh ...
Done D:\DVT\dvt_eclipse\predefined_projects\libs\uvm-1.2\src\reg\sequences\uvm_mem_walk_seq.svh [7 ms, 300 lines, SystemVerilog_2012] ...
Loading (140) D:\DVT\dvt_eclipse\predefined_projects\libs\uvm-1.2\src\reg\sequences\uvm_mem_access_seq.svh ...
Done D:\DVT\dvt_eclipse\predefined_projects\libs\uvm-1.2\src\reg\sequences\uvm_mem_access_seq.svh [4 ms, 308 lines, SystemVerilog_2012] ...
Loading (141) D:\DVT\dvt_eclipse\predefined_projects\libs\uvm-1.2\src\reg\sequences\uvm_reg_access_seq.svh ...
Done D:\DVT\dvt_eclipse\predefined_projects\libs\uvm-1.2\src\reg\sequences\uvm_reg_access_seq.svh [0 ms, 366 lines, SystemVerilog_2012] ...
Loading (142) D:\DVT\dvt_eclipse\predefined_projects\libs\uvm-1.2\src\reg\sequences\uvm_reg_mem_shared_access_seq.svh ...
Done D:\DVT\dvt_eclipse\predefined_projects\libs\uvm-1.2\src\reg\sequences\uvm_reg_mem_shared_access_seq.svh [15 ms, 486 lines, SystemVerilog_2012] ...
Loading (143) D:\DVT\dvt_eclipse\predefined_projects\libs\uvm-1.2\src\reg\sequences\uvm_reg_mem_built_in_seq.svh ...
Done D:\DVT\dvt_eclipse\predefined_projects\libs\uvm-1.2\src\reg\sequences\uvm_reg_mem_built_in_seq.svh [16 ms, 139 lines, SystemVerilog_2012] ...
Loading (144) D:\DVT\dvt_eclipse\predefined_projects\libs\uvm-1.2\src\reg\sequences\uvm_reg_mem_hdl_paths_seq.svh ...
Done D:\DVT\dvt_eclipse\predefined_projects\libs\uvm-1.2\src\reg\sequences\uvm_reg_mem_hdl_paths_seq.svh [0 ms, 175 lines, SystemVerilog_2012] ...
Done D:\DVT\dvt_eclipse\predefined_projects\libs\uvm-1.2\src\reg\uvm_reg_model.svh [0 ms, 444 lines, SystemVerilog_2012] ...
Done D:\DVT\dvt_eclipse\predefined_projects\libs\uvm-1.2\src\uvm_pkg.sv [0 ms, 43 lines, SystemVerilog_2012] ...
Loading (145) D:\DVT_Code\MyIIC\rkv_v2pro_i2c-RKV_I2C_TB_02\rkv_dw_apb_i2c\src\rkv_DW_apb_i2c_cc_constants.v ...
Done D:\DVT_Code\MyIIC\rkv_v2pro_i2c-RKV_I2C_TB_02\rkv_dw_apb_i2c\src\rkv_DW_apb_i2c_cc_constants.v [0 ms, 1602 lines, Verilog_2001] ...
Loading (146) D:\DVT_Code\MyIIC\rkv_v2pro_i2c-RKV_I2C_TB_02\rkv_dw_apb_i2c\src\rkv_DW_apb_i2c_bcm_params.v ...
Done D:\DVT_Code\MyIIC\rkv_v2pro_i2c-RKV_I2C_TB_02\rkv_dw_apb_i2c\src\rkv_DW_apb_i2c_bcm_params.v [0 ms, 359 lines, Verilog_2001] ...
Loading (147) D:\DVT_Code\MyIIC\rkv_v2pro_i2c-RKV_I2C_TB_02\rkv_dw_apb_i2c\src\rkv_DW_apb_i2c_bcm57.v ...
Done D:\DVT_Code\MyIIC\rkv_v2pro_i2c-RKV_I2C_TB_02\rkv_dw_apb_i2c\src\rkv_DW_apb_i2c_bcm57.v [0 ms, 148 lines, Verilog_2001] ...
Loading (148) D:\DVT_Code\MyIIC\rkv_v2pro_i2c-RKV_I2C_TB_02\rkv_dw_apb_i2c\src\rkv_DW_apb_i2c_bcm21.v ...
Done D:\DVT_Code\MyIIC\rkv_v2pro_i2c-RKV_I2C_TB_02\rkv_dw_apb_i2c\src\rkv_DW_apb_i2c_bcm21.v [0 ms, 743 lines, Verilog_2001] ...
Loading (149) D:\DVT_Code\MyIIC\rkv_v2pro_i2c-RKV_I2C_TB_02\rkv_dw_apb_i2c\src\rkv_DW_apb_i2c_bcm41.v ...
Done D:\DVT_Code\MyIIC\rkv_v2pro_i2c-RKV_I2C_TB_02\rkv_dw_apb_i2c\src\rkv_DW_apb_i2c_bcm41.v [16 ms, 78 lines, Verilog_2001] ...
Loading (150) D:\DVT_Code\MyIIC\rkv_v2pro_i2c-RKV_I2C_TB_02\rkv_dw_apb_i2c\src\rkv_DW_apb_i2c_bcm47.v ...
Done D:\DVT_Code\MyIIC\rkv_v2pro_i2c-RKV_I2C_TB_02\rkv_dw_apb_i2c\src\rkv_DW_apb_i2c_bcm47.v [15 ms, 421 lines, Verilog_2001] ...
Loading (151) D:\DVT_Code\MyIIC\rkv_v2pro_i2c-RKV_I2C_TB_02\rkv_dw_apb_i2c\src\rkv_DW_apb_i2c_bcm06.v ...
Done D:\DVT_Code\MyIIC\rkv_v2pro_i2c-RKV_I2C_TB_02\rkv_dw_apb_i2c\src\rkv_DW_apb_i2c_bcm06.v [0 ms, 253 lines, Verilog_2001] ...
Loading (152) D:\DVT_Code\MyIIC\rkv_v2pro_i2c-RKV_I2C_TB_02\rkv_dw_apb_i2c\src\rkv_DW_apb_i2c_bcm05.v ...
Done D:\DVT_Code\MyIIC\rkv_v2pro_i2c-RKV_I2C_TB_02\rkv_dw_apb_i2c\src\rkv_DW_apb_i2c_bcm05.v [0 ms, 396 lines, Verilog_2001] ...
Loading (153) D:\DVT_Code\MyIIC\rkv_v2pro_i2c-RKV_I2C_TB_02\rkv_dw_apb_i2c\src\rkv_DW_apb_i2c_bcm07.v ...
Done D:\DVT_Code\MyIIC\rkv_v2pro_i2c-RKV_I2C_TB_02\rkv_dw_apb_i2c\src\rkv_DW_apb_i2c_bcm07.v [16 ms, 280 lines, Verilog_2001] ...
Loading (154) D:\DVT_Code\MyIIC\rkv_v2pro_i2c-RKV_I2C_TB_02\rkv_dw_apb_i2c\src\rkv_DW_apb_i2c_regs.v ...
Done D:\DVT_Code\MyIIC\rkv_v2pro_i2c-RKV_I2C_TB_02\rkv_dw_apb_i2c\src\rkv_DW_apb_i2c_regs.v [0 ms, 68 lines, Verilog_2001] ...
Loading (155) D:\DVT_Code\MyIIC\rkv_v2pro_i2c-RKV_I2C_TB_02\rkv_dw_apb_i2c\src\rkv_DW_apb_i2c_tog.v ...
Done D:\DVT_Code\MyIIC\rkv_v2pro_i2c-RKV_I2C_TB_02\rkv_dw_apb_i2c\src\rkv_DW_apb_i2c_tog.v [0 ms, 64 lines, Verilog_2001] ...
Loading (156) D:\DVT_Code\MyIIC\rkv_v2pro_i2c-RKV_I2C_TB_02\rkv_dw_apb_i2c\src\rkv_DW_apb_i2c_bcm99.v ...
Done D:\DVT_Code\MyIIC\rkv_v2pro_i2c-RKV_I2C_TB_02\rkv_dw_apb_i2c\src\rkv_DW_apb_i2c_bcm99.v [0 ms, 254 lines, Verilog_2001] ...
Loading (157) D:\DVT_Code\MyIIC\rkv_v2pro_i2c-RKV_I2C_TB_02\rkv_dw_apb_i2c\src\rkv_DW_apb_i2c_biu.v ...
Done D:\DVT_Code\MyIIC\rkv_v2pro_i2c-RKV_I2C_TB_02\rkv_dw_apb_i2c\src\rkv_DW_apb_i2c_biu.v [0 ms, 189 lines, Verilog_2001] ...
Loading (158) D:\DVT_Code\MyIIC\rkv_v2pro_i2c-RKV_I2C_TB_02\rkv_dw_apb_i2c\src\rkv_DW_apb_i2c_regfile.v ...
Done D:\DVT_Code\MyIIC\rkv_v2pro_i2c-RKV_I2C_TB_02\rkv_dw_apb_i2c\src\rkv_DW_apb_i2c_regfile.v [78 ms, 1593 lines, Verilog_2001] ...
Loading (159) D:\DVT_Code\MyIIC\rkv_v2pro_i2c-RKV_I2C_TB_02\rkv_dw_apb_i2c\src\rkv_DW_apb_i2c_fifo.v ...
Done D:\DVT_Code\MyIIC\rkv_v2pro_i2c-RKV_I2C_TB_02\rkv_dw_apb_i2c\src\rkv_DW_apb_i2c_fifo.v [0 ms, 376 lines, Verilog_2001] ...
Loading (160) D:\DVT_Code\MyIIC\rkv_v2pro_i2c-RKV_I2C_TB_02\rkv_dw_apb_i2c\src\rkv_DW_apb_i2c_async_fifo.v ...
Done D:\DVT_Code\MyIIC\rkv_v2pro_i2c-RKV_I2C_TB_02\rkv_dw_apb_i2c\src\rkv_DW_apb_i2c_async_fifo.v [0 ms, 600 lines, Verilog_2001] ...
Loading (161) D:\DVT_Code\MyIIC\rkv_v2pro_i2c-RKV_I2C_TB_02\rkv_dw_apb_i2c\src\rkv_DW_apb_i2c_intctl.v ...
Done D:\DVT_Code\MyIIC\rkv_v2pro_i2c-RKV_I2C_TB_02\rkv_dw_apb_i2c\src\rkv_DW_apb_i2c_intctl.v [16 ms, 940 lines, Verilog_2001] ...
Loading (162) D:\DVT_Code\MyIIC\rkv_v2pro_i2c-RKV_I2C_TB_02\rkv_dw_apb_i2c\src\rkv_DW_apb_i2c_rx_filter.v ...
Done D:\DVT_Code\MyIIC\rkv_v2pro_i2c-RKV_I2C_TB_02\rkv_dw_apb_i2c\src\rkv_DW_apb_i2c_rx_filter.v [0 ms, 887 lines, Verilog_2001] ...
Loading (163) D:\DVT_Code\MyIIC\rkv_v2pro_i2c-RKV_I2C_TB_02\rkv_dw_apb_i2c\src\rkv_DW_apb_i2c_clk_gen.v ...
Done D:\DVT_Code\MyIIC\rkv_v2pro_i2c-RKV_I2C_TB_02\rkv_dw_apb_i2c\src\rkv_DW_apb_i2c_clk_gen.v [15 ms, 579 lines, Verilog_2001] ...
Loading (164) D:\DVT_Code\MyIIC\rkv_v2pro_i2c-RKV_I2C_TB_02\rkv_dw_apb_i2c\src\rkv_DW_apb_i2c_mstfsm.v ...
Done D:\DVT_Code\MyIIC\rkv_v2pro_i2c-RKV_I2C_TB_02\rkv_dw_apb_i2c\src\rkv_DW_apb_i2c_mstfsm.v [0 ms, 1592 lines, Verilog_2001] ...
Loading (165) D:\DVT_Code\MyIIC\rkv_v2pro_i2c-RKV_I2C_TB_02\rkv_dw_apb_i2c\src\rkv_DW_apb_i2c_sync.v ...
Done D:\DVT_Code\MyIIC\rkv_v2pro_i2c-RKV_I2C_TB_02\rkv_dw_apb_i2c\src\rkv_DW_apb_i2c_sync.v [31 ms, 489 lines, Verilog_2001] ...
Loading (166) D:\DVT_Code\MyIIC\rkv_v2pro_i2c-RKV_I2C_TB_02\rkv_dw_apb_i2c\src\rkv_DW_apb_i2c_slvfsm.v ...
Done D:\DVT_Code\MyIIC\rkv_v2pro_i2c-RKV_I2C_TB_02\rkv_dw_apb_i2c\src\rkv_DW_apb_i2c_slvfsm.v [0 ms, 891 lines, Verilog_2001] ...
Loading (167) D:\DVT_Code\MyIIC\rkv_v2pro_i2c-RKV_I2C_TB_02\rkv_dw_apb_i2c\src\rkv_DW_apb_i2c_tx_shift.v ...
Done D:\DVT_Code\MyIIC\rkv_v2pro_i2c-RKV_I2C_TB_02\rkv_dw_apb_i2c\src\rkv_DW_apb_i2c_tx_shift.v [16 ms, 1250 lines, Verilog_2001] ...
Loading (168) D:\DVT_Code\MyIIC\rkv_v2pro_i2c-RKV_I2C_TB_02\rkv_dw_apb_i2c\src\rkv_DW_apb_i2c_rx_shift.v ...
Done D:\DVT_Code\MyIIC\rkv_v2pro_i2c-RKV_I2C_TB_02\rkv_dw_apb_i2c\src\rkv_DW_apb_i2c_rx_shift.v [0 ms, 671 lines, Verilog_2001] ...
Loading (169) D:\DVT_Code\MyIIC\rkv_v2pro_i2c-RKV_I2C_TB_02\rkv_dw_apb_i2c\src\rkv_DW_apb_i2c_toggle.v ...
Done D:\DVT_Code\MyIIC\rkv_v2pro_i2c-RKV_I2C_TB_02\rkv_dw_apb_i2c\src\rkv_DW_apb_i2c_toggle.v [16 ms, 870 lines, Verilog_2001] ...
Loading (170) D:\DVT_Code\MyIIC\rkv_v2pro_i2c-RKV_I2C_TB_02\rkv_dw_apb_i2c\src\rkv_DW_apb_i2c_dma.v ...
Done D:\DVT_Code\MyIIC\rkv_v2pro_i2c-RKV_I2C_TB_02\rkv_dw_apb_i2c\src\rkv_DW_apb_i2c_dma.v [0 ms, 203 lines, Verilog_2001] ...
Loading (171) D:\DVT_Code\MyIIC\rkv_v2pro_i2c-RKV_I2C_TB_02\rkv_dw_apb_i2c\src\rkv_DW_apb_i2c.v ...
Done D:\DVT_Code\MyIIC\rkv_v2pro_i2c-RKV_I2C_TB_02\rkv_dw_apb_i2c\src\rkv_DW_apb_i2c.v [0 ms, 1331 lines, Verilog_2001] ...
Loading (172) D:\DVT_Code\MyIIC\rkv_v2pro_i2c-RKV_I2C_TB_02\rkv_dw_apb_i2c\src\rkv_DW_apb_i2c-undef.v ...
Done D:\DVT_Code\MyIIC\rkv_v2pro_i2c-RKV_I2C_TB_02\rkv_dw_apb_i2c\src\rkv_DW_apb_i2c-undef.v [0 ms, 373 lines, Verilog_2001] ...
Loading (173) D:\DVT_Code\MyIIC\rkv_v2pro_i2c-RKV_I2C_TB_02\rkv_i2c_tb\agents\lvc_apb3\lvc_apb_if.sv ...
Skip (optimized) D:\DVT\dvt_eclipse\predefined_projects\libs\uvm-1.2\src\uvm_macros.svh ...
Done D:\DVT_Code\MyIIC\rkv_v2pro_i2c-RKV_I2C_TB_02\rkv_i2c_tb\agents\lvc_apb3\lvc_apb_if.sv [24 ms, 213 lines, SystemVerilog_2012] ...
Loading (174) D:\DVT_Code\MyIIC\rkv_v2pro_i2c-RKV_I2C_TB_02\rkv_i2c_tb\agents\lvc_apb3\lvc_apb_pkg.sv ...
Skip (optimized) D:\DVT\dvt_eclipse\predefined_projects\libs\uvm-1.2\src\uvm_macros.svh ...
Loading (175) D:\DVT_Code\MyIIC\rkv_v2pro_i2c-RKV_I2C_TB_02\rkv_i2c_tb\agents\lvc_apb3\lvc_apb.svh ...
Loading (176) D:\DVT_Code\MyIIC\rkv_v2pro_i2c-RKV_I2C_TB_02\rkv_i2c_tb\agents\lvc_apb3\lvc_apb_transfer.sv ...
Done D:\DVT_Code\MyIIC\rkv_v2pro_i2c-RKV_I2C_TB_02\rkv_i2c_tb\agents\lvc_apb3\lvc_apb_transfer.sv [19 ms, 67 lines, SystemVerilog_2012] ...
Loading (177) D:\DVT_Code\MyIIC\rkv_v2pro_i2c-RKV_I2C_TB_02\rkv_i2c_tb\agents\lvc_apb3\lvc_apb_config.sv ...
Done D:\DVT_Code\MyIIC\rkv_v2pro_i2c-RKV_I2C_TB_02\rkv_i2c_tb\agents\lvc_apb3\lvc_apb_config.sv [1 ms, 58 lines, SystemVerilog_2012] ...
Loading (178) D:\DVT_Code\MyIIC\rkv_v2pro_i2c-RKV_I2C_TB_02\rkv_i2c_tb\agents\lvc_apb3\lvc_apb_master_driver.svh ...
Done D:\DVT_Code\MyIIC\rkv_v2pro_i2c-RKV_I2C_TB_02\rkv_i2c_tb\agents\lvc_apb3\lvc_apb_master_driver.svh [1 ms, 73 lines, SystemVerilog_2012] ...
Loading (179) D:\DVT_Code\MyIIC\rkv_v2pro_i2c-RKV_I2C_TB_02\rkv_i2c_tb\agents\lvc_apb3\lvc_apb_master_monitor.svh ...
Done D:\DVT_Code\MyIIC\rkv_v2pro_i2c-RKV_I2C_TB_02\rkv_i2c_tb\agents\lvc_apb3\lvc_apb_master_monitor.svh [5 ms, 96 lines, SystemVerilog_2012] ...
Loading (180) D:\DVT_Code\MyIIC\rkv_v2pro_i2c-RKV_I2C_TB_02\rkv_i2c_tb\agents\lvc_apb3\lvc_apb_master_sequencer.svh ...
Done D:\DVT_Code\MyIIC\rkv_v2pro_i2c-RKV_I2C_TB_02\rkv_i2c_tb\agents\lvc_apb3\lvc_apb_master_sequencer.svh [1 ms, 51 lines, SystemVerilog_2012] ...
Loading (181) D:\DVT_Code\MyIIC\rkv_v2pro_i2c-RKV_I2C_TB_02\rkv_i2c_tb\agents\lvc_apb3\lvc_apb_master_agent.svh ...
Done D:\DVT_Code\MyIIC\rkv_v2pro_i2c-RKV_I2C_TB_02\rkv_i2c_tb\agents\lvc_apb3\lvc_apb_master_agent.svh [1 ms, 67 lines, SystemVerilog_2012] ...
Loading (182) D:\DVT_Code\MyIIC\rkv_v2pro_i2c-RKV_I2C_TB_02\rkv_i2c_tb\agents\lvc_apb3\lvc_apb_slave_driver.svh ...
Done D:\DVT_Code\MyIIC\rkv_v2pro_i2c-RKV_I2C_TB_02\rkv_i2c_tb\agents\lvc_apb3\lvc_apb_slave_driver.svh [1 ms, 74 lines, SystemVerilog_2012] ...
Loading (183) D:\DVT_Code\MyIIC\rkv_v2pro_i2c-RKV_I2C_TB_02\rkv_i2c_tb\agents\lvc_apb3\lvc_apb_slave_monitor.svh ...
Done D:\DVT_Code\MyIIC\rkv_v2pro_i2c-RKV_I2C_TB_02\rkv_i2c_tb\agents\lvc_apb3\lvc_apb_slave_monitor.svh [6 ms, 98 lines, SystemVerilog_2012] ...
Loading (184) D:\DVT_Code\MyIIC\rkv_v2pro_i2c-RKV_I2C_TB_02\rkv_i2c_tb\agents\lvc_apb3\lvc_apb_slave_sequencer.svh ...
Done D:\DVT_Code\MyIIC\rkv_v2pro_i2c-RKV_I2C_TB_02\rkv_i2c_tb\agents\lvc_apb3\lvc_apb_slave_sequencer.svh [1 ms, 51 lines, SystemVerilog_2012] ...
Loading (185) D:\DVT_Code\MyIIC\rkv_v2pro_i2c-RKV_I2C_TB_02\rkv_i2c_tb\agents\lvc_apb3\lvc_apb_slave_agent.svh ...
Done D:\DVT_Code\MyIIC\rkv_v2pro_i2c-RKV_I2C_TB_02\rkv_i2c_tb\agents\lvc_apb3\lvc_apb_slave_agent.svh [1 ms, 67 lines, SystemVerilog_2012] ...
Loading (186) D:\DVT_Code\MyIIC\rkv_v2pro_i2c-RKV_I2C_TB_02\rkv_i2c_tb\agents\lvc_apb3\lvc_apb_master_driver.sv ...
Done D:\DVT_Code\MyIIC\rkv_v2pro_i2c-RKV_I2C_TB_02\rkv_i2c_tb\agents\lvc_apb3\lvc_apb_master_driver.sv [5 ms, 130 lines, SystemVerilog_2012] ...
Loading (187) D:\DVT_Code\MyIIC\rkv_v2pro_i2c-RKV_I2C_TB_02\rkv_i2c_tb\agents\lvc_apb3\lvc_apb_master_monitor.sv ...
Done D:\DVT_Code\MyIIC\rkv_v2pro_i2c-RKV_I2C_TB_02\rkv_i2c_tb\agents\lvc_apb3\lvc_apb_master_monitor.sv [1 ms, 94 lines, SystemVerilog_2012] ...
Loading (188) D:\DVT_Code\MyIIC\rkv_v2pro_i2c-RKV_I2C_TB_02\rkv_i2c_tb\agents\lvc_apb3\lvc_apb_master_sequencer.sv ...
Done D:\DVT_Code\MyIIC\rkv_v2pro_i2c-RKV_I2C_TB_02\rkv_i2c_tb\agents\lvc_apb3\lvc_apb_master_sequencer.sv [0 ms, 27 lines, SystemVerilog_2012] ...
Loading (189) D:\DVT_Code\MyIIC\rkv_v2pro_i2c-RKV_I2C_TB_02\rkv_i2c_tb\agents\lvc_apb3\lvc_apb_master_agent.sv ...
Done D:\DVT_Code\MyIIC\rkv_v2pro_i2c-RKV_I2C_TB_02\rkv_i2c_tb\agents\lvc_apb3\lvc_apb_master_agent.sv [1 ms, 67 lines, SystemVerilog_2012] ...
Loading (190) D:\DVT_Code\MyIIC\rkv_v2pro_i2c-RKV_I2C_TB_02\rkv_i2c_tb\agents\lvc_apb3\lvc_apb_master_seq_lib.sv ...
Done D:\DVT_Code\MyIIC\rkv_v2pro_i2c-RKV_I2C_TB_02\rkv_i2c_tb\agents\lvc_apb3\lvc_apb_master_seq_lib.sv [13 ms, 174 lines, SystemVerilog_2012] ...
Loading (191) D:\DVT_Code\MyIIC\rkv_v2pro_i2c-RKV_I2C_TB_02\rkv_i2c_tb\agents\lvc_apb3\lvc_apb_slave_driver.sv ...
Done D:\DVT_Code\MyIIC\rkv_v2pro_i2c-RKV_I2C_TB_02\rkv_i2c_tb\agents\lvc_apb3\lvc_apb_slave_driver.sv [3 ms, 139 lines, SystemVerilog_2012] ...
Loading (192) D:\DVT_Code\MyIIC\rkv_v2pro_i2c-RKV_I2C_TB_02\rkv_i2c_tb\agents\lvc_apb3\lvc_apb_slave_monitor.sv ...
Done D:\DVT_Code\MyIIC\rkv_v2pro_i2c-RKV_I2C_TB_02\rkv_i2c_tb\agents\lvc_apb3\lvc_apb_slave_monitor.sv [0 ms, 97 lines, SystemVerilog_2012] ...
Loading (193) D:\DVT_Code\MyIIC\rkv_v2pro_i2c-RKV_I2C_TB_02\rkv_i2c_tb\agents\lvc_apb3\lvc_apb_slave_sequencer.sv ...
Done D:\DVT_Code\MyIIC\rkv_v2pro_i2c-RKV_I2C_TB_02\rkv_i2c_tb\agents\lvc_apb3\lvc_apb_slave_sequencer.sv [0 ms, 27 lines, SystemVerilog_2012] ...
Loading (194) D:\DVT_Code\MyIIC\rkv_v2pro_i2c-RKV_I2C_TB_02\rkv_i2c_tb\agents\lvc_apb3\lvc_apb_slave_agent.sv ...
Done D:\DVT_Code\MyIIC\rkv_v2pro_i2c-RKV_I2C_TB_02\rkv_i2c_tb\agents\lvc_apb3\lvc_apb_slave_agent.sv [1 ms, 63 lines, SystemVerilog_2012] ...
Loading (195) D:\DVT_Code\MyIIC\rkv_v2pro_i2c-RKV_I2C_TB_02\rkv_i2c_tb\agents\lvc_apb3\lvc_apb_slave_seq_lib.sv ...
Done D:\DVT_Code\MyIIC\rkv_v2pro_i2c-RKV_I2C_TB_02\rkv_i2c_tb\agents\lvc_apb3\lvc_apb_slave_seq_lib.sv [2 ms, 45 lines, SystemVerilog_2012] ...
Loading (196) D:\DVT_Code\MyIIC\rkv_v2pro_i2c-RKV_I2C_TB_02\rkv_i2c_tb\agents\lvc_apb3\lvc_apb_reg_adapter.sv ...
Done D:\DVT_Code\MyIIC\rkv_v2pro_i2c-RKV_I2C_TB_02\rkv_i2c_tb\agents\lvc_apb3\lvc_apb_reg_adapter.sv [2 ms, 50 lines, SystemVerilog_2012] ...
Done D:\DVT_Code\MyIIC\rkv_v2pro_i2c-RKV_I2C_TB_02\rkv_i2c_tb\agents\lvc_apb3\lvc_apb.svh [0 ms, 53 lines, SystemVerilog_2012] ...
Done D:\DVT_Code\MyIIC\rkv_v2pro_i2c-RKV_I2C_TB_02\rkv_i2c_tb\agents\lvc_apb3\lvc_apb_pkg.sv [0 ms, 33 lines, SystemVerilog_2012] ...
Loading (197) D:\DVT_Code\MyIIC\rkv_v2pro_i2c-RKV_I2C_TB_02\rkv_i2c_tb\agents\lvc_i2c\lvc_i2c_if.sv ...
Done D:\DVT_Code\MyIIC\rkv_v2pro_i2c-RKV_I2C_TB_02\rkv_i2c_tb\agents\lvc_i2c\lvc_i2c_if.sv [1 ms, 131 lines, SystemVerilog_2012] ...
Loading (198) D:\DVT_Code\MyIIC\rkv_v2pro_i2c-RKV_I2C_TB_02\rkv_i2c_tb\agents\lvc_i2c\lvc_i2c_pkg.sv ...
Skip (optimized) D:\DVT\dvt_eclipse\predefined_projects\libs\uvm-1.2\src\uvm_macros.svh ...
Loading (199) D:\DVT_Code\MyIIC\rkv_v2pro_i2c-RKV_I2C_TB_02\rkv_i2c_tb\agents\lvc_i2c\lvc_i2c_defines.svh ...
Done D:\DVT_Code\MyIIC\rkv_v2pro_i2c-RKV_I2C_TB_02\rkv_i2c_tb\agents\lvc_i2c\lvc_i2c_defines.svh [0 ms, 206 lines, SystemVerilog_2012] ...
Loading (200) D:\DVT_Code\MyIIC\rkv_v2pro_i2c-RKV_I2C_TB_02\rkv_i2c_tb\agents\lvc_i2c\lvc_i2c_types.sv ...
Done D:\DVT_Code\MyIIC\rkv_v2pro_i2c-RKV_I2C_TB_02\rkv_i2c_tb\agents\lvc_i2c\lvc_i2c_types.sv [1 ms, 128 lines, SystemVerilog_2012] ...
Loading (201) D:\DVT_Code\MyIIC\rkv_v2pro_i2c-RKV_I2C_TB_02\rkv_i2c_tb\agents\lvc_i2c\lvc_configuration.sv ...
Done D:\DVT_Code\MyIIC\rkv_v2pro_i2c-RKV_I2C_TB_02\rkv_i2c_tb\agents\lvc_i2c\lvc_configuration.sv [2 ms, 47 lines, SystemVerilog_2012] ...
Loading (202) D:\DVT_Code\MyIIC\rkv_v2pro_i2c-RKV_I2C_TB_02\rkv_i2c_tb\agents\lvc_i2c\lvc_i2c_configuration.sv ...
Done D:\DVT_Code\MyIIC\rkv_v2pro_i2c-RKV_I2C_TB_02\rkv_i2c_tb\agents\lvc_i2c\lvc_i2c_configuration.sv [272 ms, 1636 lines, SystemVerilog_2012] ...
Loading (203) D:\DVT_Code\MyIIC\rkv_v2pro_i2c-RKV_I2C_TB_02\rkv_i2c_tb\agents\lvc_i2c\lvc_i2c_agent_configuration.sv ...
Done D:\DVT_Code\MyIIC\rkv_v2pro_i2c-RKV_I2C_TB_02\rkv_i2c_tb\agents\lvc_i2c\lvc_i2c_agent_configuration.sv [51 ms, 126 lines, SystemVerilog_2012] ...
Loading (204) D:\DVT_Code\MyIIC\rkv_v2pro_i2c-RKV_I2C_TB_02\rkv_i2c_tb\agents\lvc_i2c\lvc_i2c_transaction.sv ...
Done D:\DVT_Code\MyIIC\rkv_v2pro_i2c-RKV_I2C_TB_02\rkv_i2c_tb\agents\lvc_i2c\lvc_i2c_transaction.sv [99 ms, 533 lines, SystemVerilog_2012] ...
Loading (205) D:\DVT_Code\MyIIC\rkv_v2pro_i2c-RKV_I2C_TB_02\rkv_i2c_tb\agents\lvc_i2c\lvc_i2c_bfm_common.sv ...
Done D:\DVT_Code\MyIIC\rkv_v2pro_i2c-RKV_I2C_TB_02\rkv_i2c_tb\agents\lvc_i2c\lvc_i2c_bfm_common.sv [0 ms, 152 lines, SystemVerilog_2012] ...
Loading (206) D:\DVT_Code\MyIIC\rkv_v2pro_i2c-RKV_I2C_TB_02\rkv_i2c_tb\agents\lvc_i2c\lvc_i2c_sequencer.sv ...
Done D:\DVT_Code\MyIIC\rkv_v2pro_i2c-RKV_I2C_TB_02\rkv_i2c_tb\agents\lvc_i2c\lvc_i2c_sequencer.sv [0 ms, 63 lines, SystemVerilog_2012] ...
Loading (207) D:\DVT_Code\MyIIC\rkv_v2pro_i2c-RKV_I2C_TB_02\rkv_i2c_tb\agents\lvc_i2c\lvc_i2c_master_transaction.sv ...
Done D:\DVT_Code\MyIIC\rkv_v2pro_i2c-RKV_I2C_TB_02\rkv_i2c_tb\agents\lvc_i2c\lvc_i2c_master_transaction.sv [26 ms, 416 lines, SystemVerilog_2012] ...
Loading (208) D:\DVT_Code\MyIIC\rkv_v2pro_i2c-RKV_I2C_TB_02\rkv_i2c_tb\agents\lvc_i2c\lvc_i2c_master_sequencer.sv ...
Done D:\DVT_Code\MyIIC\rkv_v2pro_i2c-RKV_I2C_TB_02\rkv_i2c_tb\agents\lvc_i2c\lvc_i2c_master_sequencer.sv [5 ms, 94 lines, SystemVerilog_2012] ...
Loading (209) D:\DVT_Code\MyIIC\rkv_v2pro_i2c-RKV_I2C_TB_02\rkv_i2c_tb\agents\lvc_i2c\lvc_i2c_master_monitor_common.sv ...
Done D:\DVT_Code\MyIIC\rkv_v2pro_i2c-RKV_I2C_TB_02\rkv_i2c_tb\agents\lvc_i2c\lvc_i2c_master_monitor_common.sv [12 ms, 489 lines, SystemVerilog_2012] ...
Loading (210) D:\DVT_Code\MyIIC\rkv_v2pro_i2c-RKV_I2C_TB_02\rkv_i2c_tb\agents\lvc_i2c\lvc_i2c_master_monitor.sv ...
Done D:\DVT_Code\MyIIC\rkv_v2pro_i2c-RKV_I2C_TB_02\rkv_i2c_tb\agents\lvc_i2c\lvc_i2c_master_monitor.sv [9 ms, 210 lines, SystemVerilog_2012] ...
Loading (211) D:\DVT_Code\MyIIC\rkv_v2pro_i2c-RKV_I2C_TB_02\rkv_i2c_tb\agents\lvc_i2c\lvc_i2c_master_driver_callback.sv ...
Done D:\DVT_Code\MyIIC\rkv_v2pro_i2c-RKV_I2C_TB_02\rkv_i2c_tb\agents\lvc_i2c\lvc_i2c_master_driver_callback.sv [1 ms, 39 lines, SystemVerilog_2012] ...
Loading (212) D:\DVT_Code\MyIIC\rkv_v2pro_i2c-RKV_I2C_TB_02\rkv_i2c_tb\agents\lvc_i2c\lvc_i2c_master_driver_common.sv ...
Done D:\DVT_Code\MyIIC\rkv_v2pro_i2c-RKV_I2C_TB_02\rkv_i2c_tb\agents\lvc_i2c\lvc_i2c_master_driver_common.sv [21 ms, 1208 lines, SystemVerilog_2012] ...
Loading (213) D:\DVT_Code\MyIIC\rkv_v2pro_i2c-RKV_I2C_TB_02\rkv_i2c_tb\agents\lvc_i2c\lvc_i2c_master_driver.sv ...
Done D:\DVT_Code\MyIIC\rkv_v2pro_i2c-RKV_I2C_TB_02\rkv_i2c_tb\agents\lvc_i2c\lvc_i2c_master_driver.sv [7 ms, 337 lines, SystemVerilog_2012] ...
Loading (214) D:\DVT_Code\MyIIC\rkv_v2pro_i2c-RKV_I2C_TB_02\rkv_i2c_tb\agents\lvc_i2c\lvc_i2c_master_agent.sv ...
Done D:\DVT_Code\MyIIC\rkv_v2pro_i2c-RKV_I2C_TB_02\rkv_i2c_tb\agents\lvc_i2c\lvc_i2c_master_agent.sv [0 ms, 205 lines, SystemVerilog_2012] ...
Loading (215) D:\DVT_Code\MyIIC\rkv_v2pro_i2c-RKV_I2C_TB_02\rkv_i2c_tb\agents\lvc_i2c\lvc_i2c_slave_transaction.sv ...
Done D:\DVT_Code\MyIIC\rkv_v2pro_i2c-RKV_I2C_TB_02\rkv_i2c_tb\agents\lvc_i2c\lvc_i2c_slave_transaction.sv [16 ms, 241 lines, SystemVerilog_2012] ...
Loading (216) D:\DVT_Code\MyIIC\rkv_v2pro_i2c-RKV_I2C_TB_02\rkv_i2c_tb\agents\lvc_i2c\lvc_i2c_slave_sequencer.sv ...
Done D:\DVT_Code\MyIIC\rkv_v2pro_i2c-RKV_I2C_TB_02\rkv_i2c_tb\agents\lvc_i2c\lvc_i2c_slave_sequencer.sv [0 ms, 94 lines, SystemVerilog_2012] ...
Loading (217) D:\DVT_Code\MyIIC\rkv_v2pro_i2c-RKV_I2C_TB_02\rkv_i2c_tb\agents\lvc_i2c\lvc_i2c_slave_monitor_common.sv ...
Done D:\DVT_Code\MyIIC\rkv_v2pro_i2c-RKV_I2C_TB_02\rkv_i2c_tb\agents\lvc_i2c\lvc_i2c_slave_monitor_common.sv [0 ms, 473 lines, SystemVerilog_2012] ...
Loading (218) D:\DVT_Code\MyIIC\rkv_v2pro_i2c-RKV_I2C_TB_02\rkv_i2c_tb\agents\lvc_i2c\lvc_i2c_slave_monitor.sv ...
Done D:\DVT_Code\MyIIC\rkv_v2pro_i2c-RKV_I2C_TB_02\rkv_i2c_tb\agents\lvc_i2c\lvc_i2c_slave_monitor.sv [31 ms, 252 lines, SystemVerilog_2012] ...
Loading (219) D:\DVT_Code\MyIIC\rkv_v2pro_i2c-RKV_I2C_TB_02\rkv_i2c_tb\agents\lvc_i2c\lvc_i2c_slave_driver_common.sv ...
Done D:\DVT_Code\MyIIC\rkv_v2pro_i2c-RKV_I2C_TB_02\rkv_i2c_tb\agents\lvc_i2c\lvc_i2c_slave_driver_common.sv [0 ms, 527 lines, SystemVerilog_2012] ...
Loading (220) D:\DVT_Code\MyIIC\rkv_v2pro_i2c-RKV_I2C_TB_02\rkv_i2c_tb\agents\lvc_i2c\lvc_i2c_slave_driver.sv ...
Done D:\DVT_Code\MyIIC\rkv_v2pro_i2c-RKV_I2C_TB_02\rkv_i2c_tb\agents\lvc_i2c\lvc_i2c_slave_driver.sv [0 ms, 332 lines, SystemVerilog_2012] ...
Loading (221) D:\DVT_Code\MyIIC\rkv_v2pro_i2c-RKV_I2C_TB_02\rkv_i2c_tb\agents\lvc_i2c\lvc_i2c_slave_agent.sv ...
Done D:\DVT_Code\MyIIC\rkv_v2pro_i2c-RKV_I2C_TB_02\rkv_i2c_tb\agents\lvc_i2c\lvc_i2c_slave_agent.sv [16 ms, 208 lines, SystemVerilog_2012] ...
Loading (222) D:\DVT_Code\MyIIC\rkv_v2pro_i2c-RKV_I2C_TB_02\rkv_i2c_tb\agents\lvc_i2c\lvc_i2c_system_configuration.sv ...
Done D:\DVT_Code\MyIIC\rkv_v2pro_i2c-RKV_I2C_TB_02\rkv_i2c_tb\agents\lvc_i2c\lvc_i2c_system_configuration.sv [31 ms, 300 lines, SystemVerilog_2012] ...
Loading (223) D:\DVT_Code\MyIIC\rkv_v2pro_i2c-RKV_I2C_TB_02\rkv_i2c_tb\agents\lvc_i2c\lvc_i2c_system_sequencer.sv ...
Done D:\DVT_Code\MyIIC\rkv_v2pro_i2c-RKV_I2C_TB_02\rkv_i2c_tb\agents\lvc_i2c\lvc_i2c_system_sequencer.sv [0 ms, 78 lines, SystemVerilog_2012] ...
Loading (224) D:\DVT_Code\MyIIC\rkv_v2pro_i2c-RKV_I2C_TB_02\rkv_i2c_tb\agents\lvc_i2c\lvc_i2c_system_env.sv ...
Done D:\DVT_Code\MyIIC\rkv_v2pro_i2c-RKV_I2C_TB_02\rkv_i2c_tb\agents\lvc_i2c\lvc_i2c_system_env.sv [16 ms, 225 lines, SystemVerilog_2012] ...
Done D:\DVT_Code\MyIIC\rkv_v2pro_i2c-RKV_I2C_TB_02\rkv_i2c_tb\agents\lvc_i2c\lvc_i2c_pkg.sv [0 ms, 63 lines, SystemVerilog_2012] ...
Loading (225) D:\DVT_Code\MyIIC\rkv_v2pro_i2c-RKV_I2C_TB_02\rkv_i2c_tb\env\rkv_i2c_pkg.sv ...
Skip (optimized) D:\DVT\dvt_eclipse\predefined_projects\libs\uvm-1.2\src\uvm_macros.svh ...
Loading (226) D:\DVT_Code\MyIIC\rkv_v2pro_i2c-RKV_I2C_TB_02\rkv_i2c_tb\agents\lvc_i2c\lvc_i2c_defines.svh ...
Done D:\DVT_Code\MyIIC\rkv_v2pro_i2c-RKV_I2C_TB_02\rkv_i2c_tb\agents\lvc_i2c\lvc_i2c_defines.svh [0 ms, 206 lines, SystemVerilog_2012] ...
Loading (227) D:\DVT_Code\MyIIC\rkv_v2pro_i2c-RKV_I2C_TB_02\rkv_i2c_tb\reg\ral_rkv_i2c.sv ...
Done D:\DVT_Code\MyIIC\rkv_v2pro_i2c-RKV_I2C_TB_02\rkv_i2c_tb\reg\ral_rkv_i2c.sv [109 ms, 2409 lines, SystemVerilog_2012] ...
Loading (228) D:\DVT_Code\MyIIC\rkv_v2pro_i2c-RKV_I2C_TB_02\rkv_i2c_tb\cfg\rkv_i2c_configs.svh ...
Loading (229) D:\DVT_Code\MyIIC\rkv_v2pro_i2c-RKV_I2C_TB_02\rkv_i2c_tb\cfg\rkv_i2c_defines.svh ...
Done D:\DVT_Code\MyIIC\rkv_v2pro_i2c-RKV_I2C_TB_02\rkv_i2c_tb\cfg\rkv_i2c_defines.svh [16 ms, 35 lines, SystemVerilog_2012] ...
Loading (230) D:\DVT_Code\MyIIC\rkv_v2pro_i2c-RKV_I2C_TB_02\rkv_i2c_tb\cfg\rkv_i2c_config.sv ...
Done D:\DVT_Code\MyIIC\rkv_v2pro_i2c-RKV_I2C_TB_02\rkv_i2c_tb\cfg\rkv_i2c_config.sv [0 ms, 53 lines, SystemVerilog_2012] ...
Done D:\DVT_Code\MyIIC\rkv_v2pro_i2c-RKV_I2C_TB_02\rkv_i2c_tb\cfg\rkv_i2c_configs.svh [0 ms, 9 lines, SystemVerilog_2012] ...
Loading (231) D:\DVT_Code\MyIIC\rkv_v2pro_i2c-RKV_I2C_TB_02\rkv_i2c_tb\env\rkv_i2c_master_scoreboard.sv ...
Done D:\DVT_Code\MyIIC\rkv_v2pro_i2c-RKV_I2C_TB_02\rkv_i2c_tb\env\rkv_i2c_master_scoreboard.sv [0 ms, 230 lines, SystemVerilog_2012] ...
Loading (232) D:\DVT_Code\MyIIC\rkv_v2pro_i2c-RKV_I2C_TB_02\rkv_i2c_tb\cov\rkv_i2c_cgm.sv ...
Done D:\DVT_Code\MyIIC\rkv_v2pro_i2c-RKV_I2C_TB_02\rkv_i2c_tb\cov\rkv_i2c_cgm.sv [15 ms, 424 lines, SystemVerilog_2012] ...
Loading (233) D:\DVT_Code\MyIIC\rkv_v2pro_i2c-RKV_I2C_TB_02\rkv_i2c_tb\env\rkv_i2c_virtual_sequencer.sv ...
Done D:\DVT_Code\MyIIC\rkv_v2pro_i2c-RKV_I2C_TB_02\rkv_i2c_tb\env\rkv_i2c_virtual_sequencer.sv [0 ms, 33 lines, SystemVerilog_2012] ...
Loading (234) D:\DVT_Code\MyIIC\rkv_v2pro_i2c-RKV_I2C_TB_02\rkv_i2c_tb\env\rkv_i2c_env.sv ...
Done D:\DVT_Code\MyIIC\rkv_v2pro_i2c-RKV_I2C_TB_02\rkv_i2c_tb\env\rkv_i2c_env.sv [0 ms, 112 lines, SystemVerilog_2012] ...
Loading (235) D:\DVT_Code\MyIIC\rkv_v2pro_i2c-RKV_I2C_TB_02\rkv_i2c_tb\seq_lib\elem_seqs\rkv_i2c_element_sequences.svh ...
Loading (236) D:\DVT_Code\MyIIC\rkv_v2pro_i2c-RKV_I2C_TB_02\rkv_i2c_tb\seq_lib\elem_seqs\rkv_apb_base_sequence.sv ...
Done D:\DVT_Code\MyIIC\rkv_v2pro_i2c-RKV_I2C_TB_02\rkv_i2c_tb\seq_lib\elem_seqs\rkv_apb_base_sequence.sv [0 ms, 50 lines, SystemVerilog_2012] ...
Loading (237) D:\DVT_Code\MyIIC\rkv_v2pro_i2c-RKV_I2C_TB_02\rkv_i2c_tb\seq_lib\elem_seqs\rkv_apb_config_seq.sv ...
Done D:\DVT_Code\MyIIC\rkv_v2pro_i2c-RKV_I2C_TB_02\rkv_i2c_tb\seq_lib\elem_seqs\rkv_apb_config_seq.sv [0 ms, 53 lines, SystemVerilog_2012] ...
Loading (238) D:\DVT_Code\MyIIC\rkv_v2pro_i2c-RKV_I2C_TB_02\rkv_i2c_tb\seq_lib\elem_seqs\rkv_apb_write_packet_seq.sv ...
Done D:\DVT_Code\MyIIC\rkv_v2pro_i2c-RKV_I2C_TB_02\rkv_i2c_tb\seq_lib\elem_seqs\rkv_apb_write_packet_seq.sv [0 ms, 44 lines, SystemVerilog_2012] ...
Loading (239) D:\DVT_Code\MyIIC\rkv_v2pro_i2c-RKV_I2C_TB_02\rkv_i2c_tb\seq_lib\elem_seqs\rkv_apb_read_packet_seq.sv ...
Done D:\DVT_Code\MyIIC\rkv_v2pro_i2c-RKV_I2C_TB_02\rkv_i2c_tb\seq_lib\elem_seqs\rkv_apb_read_packet_seq.sv [0 ms, 45 lines, SystemVerilog_2012] ...
Loading (240) D:\DVT_Code\MyIIC\rkv_v2pro_i2c-RKV_I2C_TB_02\rkv_i2c_tb\seq_lib\elem_seqs\rkv_apb_wait_empty_seq.sv ...
Done D:\DVT_Code\MyIIC\rkv_v2pro_i2c-RKV_I2C_TB_02\rkv_i2c_tb\seq_lib\elem_seqs\rkv_apb_wait_empty_seq.sv [0 ms, 30 lines, SystemVerilog_2012] ...
Loading (241) D:\DVT_Code\MyIIC\rkv_v2pro_i2c-RKV_I2C_TB_02\rkv_i2c_tb\seq_lib\elem_seqs\rkv_apb_intr_enable_seq.sv ...
Done D:\DVT_Code\MyIIC\rkv_v2pro_i2c-RKV_I2C_TB_02\rkv_i2c_tb\seq_lib\elem_seqs\rkv_apb_intr_enable_seq.sv [0 ms, 25 lines, SystemVerilog_2012] ...
Loading (242) D:\DVT_Code\MyIIC\rkv_v2pro_i2c-RKV_I2C_TB_02\rkv_i2c_tb\seq_lib\elem_seqs\rkv_apb_intr_wait_seq.sv ...
Done D:\DVT_Code\MyIIC\rkv_v2pro_i2c-RKV_I2C_TB_02\rkv_i2c_tb\seq_lib\elem_seqs\rkv_apb_intr_wait_seq.sv [32 ms, 49 lines, SystemVerilog_2012] ...
Loading (243) D:\DVT_Code\MyIIC\rkv_v2pro_i2c-RKV_I2C_TB_02\rkv_i2c_tb\seq_lib\elem_seqs\rkv_apb_intr_clear_seq.sv ...
Done D:\DVT_Code\MyIIC\rkv_v2pro_i2c-RKV_I2C_TB_02\rkv_i2c_tb\seq_lib\elem_seqs\rkv_apb_intr_clear_seq.sv [0 ms, 47 lines, SystemVerilog_2012] ...
Loading (244) D:\DVT_Code\MyIIC\rkv_v2pro_i2c-RKV_I2C_TB_02\rkv_i2c_tb\seq_lib\user_elem_seqs\apb_user_address_check_seq.sv ...
Done D:\DVT_Code\MyIIC\rkv_v2pro_i2c-RKV_I2C_TB_02\rkv_i2c_tb\seq_lib\user_elem_seqs\apb_user_address_check_seq.sv [0 ms, 35 lines, SystemVerilog_2012] ...
Loading (245) D:\DVT_Code\MyIIC\rkv_v2pro_i2c-RKV_I2C_TB_02\rkv_i2c_tb\seq_lib\elem_seqs\rkv_i2c_slave_base_sequence.sv ...
Done D:\DVT_Code\MyIIC\rkv_v2pro_i2c-RKV_I2C_TB_02\rkv_i2c_tb\seq_lib\elem_seqs\rkv_i2c_slave_base_sequence.sv [0 ms, 40 lines, SystemVerilog_2012] ...
Loading (246) D:\DVT_Code\MyIIC\rkv_v2pro_i2c-RKV_I2C_TB_02\rkv_i2c_tb\seq_lib\elem_seqs\rkv_i2c_slave_write_response_seq.sv ...
Done D:\DVT_Code\MyIIC\rkv_v2pro_i2c-RKV_I2C_TB_02\rkv_i2c_tb\seq_lib\elem_seqs\rkv_i2c_slave_write_response_seq.sv [0 ms, 38 lines, SystemVerilog_2012] ...
Loading (247) D:\DVT_Code\MyIIC\rkv_v2pro_i2c-RKV_I2C_TB_02\rkv_i2c_tb\seq_lib\elem_seqs\rkv_i2c_slave_read_response_seq.sv ...
Done D:\DVT_Code\MyIIC\rkv_v2pro_i2c-RKV_I2C_TB_02\rkv_i2c_tb\seq_lib\elem_seqs\rkv_i2c_slave_read_response_seq.sv [0 ms, 41 lines, SystemVerilog_2012] ...
Done D:\DVT_Code\MyIIC\rkv_v2pro_i2c-RKV_I2C_TB_02\rkv_i2c_tb\seq_lib\elem_seqs\rkv_i2c_element_sequences.svh [0 ms, 22 lines, SystemVerilog_2012] ...
Loading (248) D:\DVT_Code\MyIIC\rkv_v2pro_i2c-RKV_I2C_TB_02\rkv_i2c_tb\seq_lib\user_elem_seqs\rkv_i2c_user_element_sequences.svh ...
Loading (249) D:\DVT_Code\MyIIC\rkv_v2pro_i2c-RKV_I2C_TB_02\rkv_i2c_tb\seq_lib\user_elem_seqs\apb_user_address_check_seq.sv ...
Done D:\DVT_Code\MyIIC\rkv_v2pro_i2c-RKV_I2C_TB_02\rkv_i2c_tb\seq_lib\user_elem_seqs\apb_user_address_check_seq.sv [0 ms, 35 lines, SystemVerilog_2012] ...
Loading (250) D:\DVT_Code\MyIIC\rkv_v2pro_i2c-RKV_I2C_TB_02\rkv_i2c_tb\seq_lib\user_elem_seqs\apb_user_wait_empty_seq.sv ...
Done D:\DVT_Code\MyIIC\rkv_v2pro_i2c-RKV_I2C_TB_02\rkv_i2c_tb\seq_lib\user_elem_seqs\apb_user_wait_empty_seq.sv [15 ms, 30 lines, SystemVerilog_2012] ...
Done D:\DVT_Code\MyIIC\rkv_v2pro_i2c-RKV_I2C_TB_02\rkv_i2c_tb\seq_lib\user_elem_seqs\rkv_i2c_user_element_sequences.svh [0 ms, 10 lines, SystemVerilog_2012] ...
Loading (251) D:\DVT_Code\MyIIC\rkv_v2pro_i2c-RKV_I2C_TB_02\rkv_i2c_tb\seq_lib\rkv_i2c_virtual_sequences.svh ...
Loading (252) D:\DVT_Code\MyIIC\rkv_v2pro_i2c-RKV_I2C_TB_02\rkv_i2c_tb\seq_lib\rkv_i2c_base_virtual_sequence.sv ...
Done D:\DVT_Code\MyIIC\rkv_v2pro_i2c-RKV_I2C_TB_02\rkv_i2c_tb\seq_lib\rkv_i2c_base_virtual_sequence.sv [0 ms, 81 lines, SystemVerilog_2012] ...
Loading (253) D:\DVT_Code\MyIIC\rkv_v2pro_i2c-RKV_I2C_TB_02\rkv_i2c_tb\seq_lib\rkv_i2c_quick_reg_access_virt_seq.sv ...
Done D:\DVT_Code\MyIIC\rkv_v2pro_i2c-RKV_I2C_TB_02\rkv_i2c_tb\seq_lib\rkv_i2c_quick_reg_access_virt_seq.sv [0 ms, 48 lines, SystemVerilog_2012] ...
Loading (254) D:\DVT_Code\MyIIC\rkv_v2pro_i2c-RKV_I2C_TB_02\rkv_i2c_tb\seq_lib\rkv_i2c_reg_hw_reset_virt_seq.sv ...
Done D:\DVT_Code\MyIIC\rkv_v2pro_i2c-RKV_I2C_TB_02\rkv_i2c_tb\seq_lib\rkv_i2c_reg_hw_reset_virt_seq.sv [0 ms, 29 lines, SystemVerilog_2012] ...
Loading (255) D:\DVT_Code\MyIIC\rkv_v2pro_i2c-RKV_I2C_TB_02\rkv_i2c_tb\seq_lib\rkv_i2c_reg_bit_bash_virt_seq.sv ...
Done D:\DVT_Code\MyIIC\rkv_v2pro_i2c-RKV_I2C_TB_02\rkv_i2c_tb\seq_lib\rkv_i2c_reg_bit_bash_virt_seq.sv [0 ms, 32 lines, SystemVerilog_2012] ...
Loading (256) D:\DVT_Code\MyIIC\rkv_v2pro_i2c-RKV_I2C_TB_02\rkv_i2c_tb\seq_lib\rkv_i2c_reg_access_virt_seq.sv ...
Done D:\DVT_Code\MyIIC\rkv_v2pro_i2c-RKV_I2C_TB_02\rkv_i2c_tb\seq_lib\rkv_i2c_reg_access_virt_seq.sv [0 ms, 31 lines, SystemVerilog_2012] ...
Loading (257) D:\DVT_Code\MyIIC\rkv_v2pro_i2c-RKV_I2C_TB_02\rkv_i2c_tb\seq_lib\rkv_i2c_master_directed_interrupt_virt_seq.sv ...
Done D:\DVT_Code\MyIIC\rkv_v2pro_i2c-RKV_I2C_TB_02\rkv_i2c_tb\seq_lib\rkv_i2c_master_directed_interrupt_virt_seq.sv [0 ms, 60 lines, SystemVerilog_2012] ...
Loading (258) D:\DVT_Code\MyIIC\rkv_v2pro_i2c-RKV_I2C_TB_02\rkv_i2c_tb\seq_lib\rkv_i2c_master_directed_write_packet_virt_seq.sv ...
Done D:\DVT_Code\MyIIC\rkv_v2pro_i2c-RKV_I2C_TB_02\rkv_i2c_tb\seq_lib\rkv_i2c_master_directed_write_packet_virt_seq.sv [16 ms, 47 lines, SystemVerilog_2012] ...
Loading (259) D:\DVT_Code\MyIIC\rkv_v2pro_i2c-RKV_I2C_TB_02\rkv_i2c_tb\seq_lib\rkv_i2c_master_directed_read_packet_virt_seq.sv ...
Done D:\DVT_Code\MyIIC\rkv_v2pro_i2c-RKV_I2C_TB_02\rkv_i2c_tb\seq_lib\rkv_i2c_master_directed_read_packet_virt_seq.sv [0 ms, 53 lines, SystemVerilog_2012] ...
Done D:\DVT_Code\MyIIC\rkv_v2pro_i2c-RKV_I2C_TB_02\rkv_i2c_tb\seq_lib\rkv_i2c_virtual_sequences.svh [0 ms, 16 lines, SystemVerilog_2012] ...
Loading (260) D:\DVT_Code\MyIIC\rkv_v2pro_i2c-RKV_I2C_TB_02\rkv_i2c_tb\seq_lib\user_virt_seqs\rkv_i2c_user_virtual_sequences.svh ...
Loading (261) D:\DVT_Code\MyIIC\rkv_v2pro_i2c-RKV_I2C_TB_02\rkv_i2c_tb\seq_lib\user_virt_seqs\master_address_cg_virt_seq.sv ...
Done D:\DVT_Code\MyIIC\rkv_v2pro_i2c-RKV_I2C_TB_02\rkv_i2c_tb\seq_lib\user_virt_seqs\master_address_cg_virt_seq.sv [0 ms, 98 lines, SystemVerilog_2012] ...
Loading (262) D:\DVT_Code\MyIIC\rkv_v2pro_i2c-RKV_I2C_TB_02\rkv_i2c_tb\seq_lib\user_virt_seqs\i2c_master_ss_scl_cnt_seq.sv ...
Done D:\DVT_Code\MyIIC\rkv_v2pro_i2c-RKV_I2C_TB_02\rkv_i2c_tb\seq_lib\user_virt_seqs\i2c_master_ss_scl_cnt_seq.sv [16 ms, 74 lines, SystemVerilog_2012] ...
Loading (263) D:\DVT_Code\MyIIC\rkv_v2pro_i2c-RKV_I2C_TB_02\rkv_i2c_tb\seq_lib\user_virt_seqs\i2c_master_fs_scl_cnt_seq.sv ...
Done D:\DVT_Code\MyIIC\rkv_v2pro_i2c-RKV_I2C_TB_02\rkv_i2c_tb\seq_lib\user_virt_seqs\i2c_master_fs_scl_cnt_seq.sv [0 ms, 80 lines, SystemVerilog_2012] ...
Loading (264) D:\DVT_Code\MyIIC\rkv_v2pro_i2c-RKV_I2C_TB_02\rkv_i2c_tb\seq_lib\user_virt_seqs\i2c_master_hs_scl_cnt_seq.sv ...
Done D:\DVT_Code\MyIIC\rkv_v2pro_i2c-RKV_I2C_TB_02\rkv_i2c_tb\seq_lib\user_virt_seqs\i2c_master_hs_scl_cnt_seq.sv [15 ms, 81 lines, SystemVerilog_2012] ...
Loading (265) D:\DVT_Code\MyIIC\rkv_v2pro_i2c-RKV_I2C_TB_02\rkv_i2c_tb\seq_lib\user_virt_seqs\i2c_master_sda_control_seq.sv ...
Done D:\DVT_Code\MyIIC\rkv_v2pro_i2c-RKV_I2C_TB_02\rkv_i2c_tb\seq_lib\user_virt_seqs\i2c_master_sda_control_seq.sv [0 ms, 81 lines, SystemVerilog_2012] ...
Done D:\DVT_Code\MyIIC\rkv_v2pro_i2c-RKV_I2C_TB_02\rkv_i2c_tb\seq_lib\user_virt_seqs\rkv_i2c_user_virtual_sequences.svh [0 ms, 12 lines, SystemVerilog_2012] ...
Loading (266) D:\DVT_Code\MyIIC\rkv_v2pro_i2c-RKV_I2C_TB_02\rkv_i2c_tb\tests\rkv_i2c_tests.svh ...
Loading (267) D:\DVT_Code\MyIIC\rkv_v2pro_i2c-RKV_I2C_TB_02\rkv_i2c_tb\tests\rkv_i2c_base_test.sv ...
Done D:\DVT_Code\MyIIC\rkv_v2pro_i2c-RKV_I2C_TB_02\rkv_i2c_tb\tests\rkv_i2c_base_test.sv [0 ms, 43 lines, SystemVerilog_2012] ...
Loading (268) D:\DVT_Code\MyIIC\rkv_v2pro_i2c-RKV_I2C_TB_02\rkv_i2c_tb\tests\rkv_i2c_quick_reg_access_test.sv ...
Done D:\DVT_Code\MyIIC\rkv_v2pro_i2c-RKV_I2C_TB_02\rkv_i2c_tb\tests\rkv_i2c_quick_reg_access_test.sv [0 ms, 33 lines, SystemVerilog_2012] ...
Loading (269) D:\DVT_Code\MyIIC\rkv_v2pro_i2c-RKV_I2C_TB_02\rkv_i2c_tb\tests\rkv_i2c_reg_hw_reset_test.sv ...
Done D:\DVT_Code\MyIIC\rkv_v2pro_i2c-RKV_I2C_TB_02\rkv_i2c_tb\tests\rkv_i2c_reg_hw_reset_test.sv [0 ms, 32 lines, SystemVerilog_2012] ...
Loading (270) D:\DVT_Code\MyIIC\rkv_v2pro_i2c-RKV_I2C_TB_02\rkv_i2c_tb\tests\rkv_i2c_reg_bit_bash_test.sv ...
Done D:\DVT_Code\MyIIC\rkv_v2pro_i2c-RKV_I2C_TB_02\rkv_i2c_tb\tests\rkv_i2c_reg_bit_bash_test.sv [16 ms, 32 lines, SystemVerilog_2012] ...
Loading (271) D:\DVT_Code\MyIIC\rkv_v2pro_i2c-RKV_I2C_TB_02\rkv_i2c_tb\tests\rkv_i2c_reg_access_test.sv ...
Done D:\DVT_Code\MyIIC\rkv_v2pro_i2c-RKV_I2C_TB_02\rkv_i2c_tb\tests\rkv_i2c_reg_access_test.sv [0 ms, 32 lines, SystemVerilog_2012] ...
Loading (272) D:\DVT_Code\MyIIC\rkv_v2pro_i2c-RKV_I2C_TB_02\rkv_i2c_tb\tests\rkv_i2c_master_directed_interrupt_test.sv ...
Done D:\DVT_Code\MyIIC\rkv_v2pro_i2c-RKV_I2C_TB_02\rkv_i2c_tb\tests\rkv_i2c_master_directed_interrupt_test.sv [0 ms, 32 lines, SystemVerilog_2012] ...
Loading (273) D:\DVT_Code\MyIIC\rkv_v2pro_i2c-RKV_I2C_TB_02\rkv_i2c_tb\tests\rkv_i2c_master_directed_write_packet_test.sv ...
Done D:\DVT_Code\MyIIC\rkv_v2pro_i2c-RKV_I2C_TB_02\rkv_i2c_tb\tests\rkv_i2c_master_directed_write_packet_test.sv [0 ms, 32 lines, SystemVerilog_2012] ...
Loading (274) D:\DVT_Code\MyIIC\rkv_v2pro_i2c-RKV_I2C_TB_02\rkv_i2c_tb\tests\rkv_i2c_master_directed_read_packet_test.sv ...
Done D:\DVT_Code\MyIIC\rkv_v2pro_i2c-RKV_I2C_TB_02\rkv_i2c_tb\tests\rkv_i2c_master_directed_read_packet_test.sv [0 ms, 32 lines, SystemVerilog_2012] ...
Done D:\DVT_Code\MyIIC\rkv_v2pro_i2c-RKV_I2C_TB_02\rkv_i2c_tb\tests\rkv_i2c_tests.svh [0 ms, 16 lines, SystemVerilog_2012] ...
Loading (275) D:\DVT_Code\MyIIC\rkv_v2pro_i2c-RKV_I2C_TB_02\rkv_i2c_tb\tests\user_tests\rkv_i2c_user_tests.svh ...
Loading (276) D:\DVT_Code\MyIIC\rkv_v2pro_i2c-RKV_I2C_TB_02\rkv_i2c_tb\tests\user_tests\master_address_cg_test.sv ...
Done D:\DVT_Code\MyIIC\rkv_v2pro_i2c-RKV_I2C_TB_02\rkv_i2c_tb\tests\user_tests\master_address_cg_test.sv [0 ms, 31 lines, SystemVerilog_2012] ...
Loading (277) D:\DVT_Code\MyIIC\rkv_v2pro_i2c-RKV_I2C_TB_02\rkv_i2c_tb\tests\user_tests\i2c_master_ss_scl_cnt_test.sv ...
Done D:\DVT_Code\MyIIC\rkv_v2pro_i2c-RKV_I2C_TB_02\rkv_i2c_tb\tests\user_tests\i2c_master_ss_scl_cnt_test.sv [0 ms, 25 lines, SystemVerilog_2012] ...
Loading (278) D:\DVT_Code\MyIIC\rkv_v2pro_i2c-RKV_I2C_TB_02\rkv_i2c_tb\tests\user_tests\i2c_master_fs_scl_cnt_test.sv ...
Done D:\DVT_Code\MyIIC\rkv_v2pro_i2c-RKV_I2C_TB_02\rkv_i2c_tb\tests\user_tests\i2c_master_fs_scl_cnt_test.sv [0 ms, 25 lines, SystemVerilog_2012] ...
Loading (279) D:\DVT_Code\MyIIC\rkv_v2pro_i2c-RKV_I2C_TB_02\rkv_i2c_tb\tests\user_tests\i2c_master_hs_scl_cnt_test.sv ...
Done D:\DVT_Code\MyIIC\rkv_v2pro_i2c-RKV_I2C_TB_02\rkv_i2c_tb\tests\user_tests\i2c_master_hs_scl_cnt_test.sv [0 ms, 25 lines, SystemVerilog_2012] ...
Loading (280) D:\DVT_Code\MyIIC\rkv_v2pro_i2c-RKV_I2C_TB_02\rkv_i2c_tb\tests\user_tests\i2c_master_sda_control_test.sv ...
Done D:\DVT_Code\MyIIC\rkv_v2pro_i2c-RKV_I2C_TB_02\rkv_i2c_tb\tests\user_tests\i2c_master_sda_control_test.sv [0 ms, 25 lines, SystemVerilog_2012] ...
Done D:\DVT_Code\MyIIC\rkv_v2pro_i2c-RKV_I2C_TB_02\rkv_i2c_tb\tests\user_tests\rkv_i2c_user_tests.svh [0 ms, 11 lines, SystemVerilog_2012] ...
Done D:\DVT_Code\MyIIC\rkv_v2pro_i2c-RKV_I2C_TB_02\rkv_i2c_tb\env\rkv_i2c_pkg.sv [0 ms, 29 lines, SystemVerilog_2012] ...
Loading (281) D:\DVT_Code\MyIIC\rkv_v2pro_i2c-RKV_I2C_TB_02\rkv_i2c_tb\tb\rkv_i2c_if.sv ...
Skip (optimized) D:\DVT\dvt_eclipse\predefined_projects\libs\uvm-1.2\src\uvm_macros.svh ...
Done D:\DVT_Code\MyIIC\rkv_v2pro_i2c-RKV_I2C_TB_02\rkv_i2c_tb\tb\rkv_i2c_if.sv [0 ms, 86 lines, SystemVerilog_2012] ...
Loading (282) D:\DVT_Code\MyIIC\rkv_v2pro_i2c-RKV_I2C_TB_02\rkv_i2c_tb\tb\rkv_i2c_tb.sv ...
Skip (optimized) D:\DVT\dvt_eclipse\predefined_projects\libs\uvm-1.2\src\uvm_macros.svh ...
Done D:\DVT_Code\MyIIC\rkv_v2pro_i2c-RKV_I2C_TB_02\rkv_i2c_tb\tb\rkv_i2c_tb.sv [0 ms, 137 lines, SystemVerilog_2012] ...
*** Done parsing [LT 1798.0 ms, PT 2399.0 ms, SGT 9%, UGT 17%] ***
*** Total number of lines [109 632] ***
Performing post full build actions ...
Performing post full build step 1 (SRI) [0 ms] ...
Performing post full build step 2 (RI) [16 ms] ...
Performing post full build step 3 (RCP) [31 ms] ...
*** Done SystemVerilog build [2s.475ms] ***
*** Start mixed mode extension build ***
Performing mixed post full build step 1 (Verilog - RI) [0 ms] ...
Performing mixed post full build step 2 (Verilog - RC) [0 ms] ...
Performing mixed post full build step 3 (Verilog - RPC) [31 ms] ...
Performing mixed post full build step 4 (Verilog - RD) [31 ms] ...
Performing mixed post full build step 5 (Verilog - FSC) [585 ms] ...
Performing mixed post full build step 6 (Verilog - EV) [250 ms] ...
Performing mixed post full build step 7 (Verilog - US) [63 ms] ...
*** Done mixed mode extension build [1s.274ms] ***
*** Start adding/validating the DVT Auto-Linked resources ***
*** Done adding/validating the DVT Auto-Linked resources [15 ms] ***
*** Total build time [3s.772ms] ***
